<?xml version="1.0" encoding="UTF-8"?>
<!-- Generated by org.testng.reporters.JUnitXMLReporter -->
<testsuite hostname="LAPTOP-CDU0EB2F" ignored="0" name="AI-Enhanced E-Commerce API Test Suite" tests="14" failures="0" timestamp="2026-03-01T00:47:07 IST" time="19.881" errors="0">
  <testcase name="testGetAllProductsList" time="3.017" classname="com.project.ai.api.APITestWithAILayers"/>
  <testcase name="testPostToAllProductsList" time="1.139" classname="com.project.ai.api.APITestWithAILayers"/>
  <testcase name="testGetAllBrandsList" time="1.124" classname="com.project.ai.api.APITestWithAILayers"/>
  <testcase name="testPutToAllBrandsList" time="1.139" classname="com.project.ai.api.APITestWithAILayers"/>
  <testcase name="testSearchProductWithParameter" time="1.159" classname="com.project.ai.api.APITestWithAILayers"/>
  <testcase name="testSearchProductWithoutParameter" time="0.478" classname="com.project.ai.api.APITestWithAILayers"/>
  <testcase name="testVerifyLoginWithValidDetails" time="0.474" classname="com.project.ai.api.APITestWithAILayers"/>
  <testcase name="testVerifyLoginWithoutEmailParameter" time="1.089" classname="com.project.ai.api.APITestWithAILayers"/>
  <testcase name="testDeleteVerifyLogin" time="0.503" classname="com.project.ai.api.APITestWithAILayers"/>
  <testcase name="testVerifyLoginWithInvalidDetails" time="1.149" classname="com.project.ai.api.APITestWithAILayers"/>
  <testcase name="testCreateUserAccount" time="1.098" classname="com.project.ai.api.APITestWithAILayers"/>
  <testcase name="testDeleteUserAccount" time="2.185" classname="com.project.ai.api.APITestWithAILayers"/>
  <testcase name="testUpdateUserAccount" time="2.181" classname="com.project.ai.api.APITestWithAILayers"/>
  <testcase name="testGetUserDetailByEmail" time="2.209" classname="com.project.ai.api.APITestWithAILayers"/>
</testsuite> <!-- AI-Enhanced E-Commerce API Test Suite -->
