<?xml version="1.0" encoding="UTF-8"?>
<!-- Generated by org.testng.reporters.JUnitXMLReporter -->
<testsuite hostname="LAPTOP-CDU0EB2F" ignored="0" name="AI-Enhanced E-Commerce API Test Suite" tests="14" failures="0" timestamp="2026-02-20T12:05:14 IST" time="21.739" errors="0">
  <testcase name="testGetAllProductsList" time="3.697" classname="com.project.ai.api.APITestWithAILayers"/>
  <testcase name="testPostToAllProductsList" time="1.044" classname="com.project.ai.api.APITestWithAILayers"/>
  <testcase name="testGetAllBrandsList" time="0.809" classname="com.project.ai.api.APITestWithAILayers"/>
  <testcase name="testPutToAllBrandsList" time="0.893" classname="com.project.ai.api.APITestWithAILayers"/>
  <testcase name="testSearchProductWithParameter" time="1.389" classname="com.project.ai.api.APITestWithAILayers"/>
  <testcase name="testSearchProductWithoutParameter" time="1.414" classname="com.project.ai.api.APITestWithAILayers"/>
  <testcase name="testVerifyLoginWithValidDetails" time="0.874" classname="com.project.ai.api.APITestWithAILayers"/>
  <testcase name="testVerifyLoginWithoutEmailParameter" time="1.32" classname="com.project.ai.api.APITestWithAILayers"/>
  <testcase name="testDeleteVerifyLogin" time="0.578" classname="com.project.ai.api.APITestWithAILayers"/>
  <testcase name="testVerifyLoginWithInvalidDetails" time="0.792" classname="com.project.ai.api.APITestWithAILayers"/>
  <testcase name="testCreateUserAccount" time="1.032" classname="com.project.ai.api.APITestWithAILayers"/>
  <testcase name="testDeleteUserAccount" time="2.18" classname="com.project.ai.api.APITestWithAILayers"/>
  <testcase name="testUpdateUserAccount" time="2.428" classname="com.project.ai.api.APITestWithAILayers"/>
  <testcase name="testGetUserDetailByEmail" time="2.237" classname="com.project.ai.api.APITestWithAILayers"/>
</testsuite> <!-- AI-Enhanced E-Commerce API Test Suite -->
