<?xml version="1.0" encoding="UTF-8"?>
<!-- Generated by org.testng.reporters.JUnitReportReporter -->
<testsuite skipped="20" hostname="LAPTOP-CDU0EB2F" name="com.project.ai.ui.UITestWithAILayers" tests="21" failures="0" timestamp="2026-02-20T12:05:24 IST" time="9.347" errors="1">
  <testcase name="TC01_RegisterUser" time="0.000" classname="com.project.ai.ui.UITestWithAILayers">
    <skipped/>
  </testcase> <!-- TC01_RegisterUser -->
  <system-out/>
  <testcase name="setUp" time="9.308" classname="com.project.ai.ui.UITestWithAILayers">
    <error type="java.io.UncheckedIOException" message="java.net.ConnectException: Connection refused: no further information: localhost/0:0:0:0:0:0:0:1:9090">
      <![CDATA[java.io.UncheckedIOException: java.net.ConnectException: Connection refused: no further information: localhost/0:0:0:0:0:0:0:1:9090
at org.openqa.selenium.remote.http.netty.NettyHttpHandler.makeCall(NettyHttpHandler.java:73)
at org.openqa.selenium.remote.http.AddSeleniumUserAgent.lambda$apply$0(AddSeleniumUserAgent.java:42)
at org.openqa.selenium.remote.http.Filter.lambda$andFinally$1(Filter.java:55)
at org.openqa.selenium.remote.http.netty.NettyHttpHandler.execute(NettyHttpHandler.java:48)
at org.openqa.selenium.remote.http.netty.NettyClient.execute(NettyClient.java:96)
at com.epam.healenium.client.RestClient.getElements(RestClient.java:134)
at com.epam.healenium.SelfHealingEngine.loadStoredSelectors(SelfHealingEngine.java:173)
at com.epam.healenium.SelfHealingDriver.callInitActions(SelfHealingDriver.java:65)
at com.epam.healenium.SelfHealingDriver.create(SelfHealingDriver.java:42)
at com.project.ui.Base.DriverFactory.getDriver(DriverFactory.java:55)
at com.project.ui.Base.BaseTest.setUp(BaseTest.java:30)
at sun.reflect.NativeMethodAccessorImpl.invoke0(Native Method)
at sun.reflect.NativeMethodAccessorImpl.invoke(NativeMethodAccessorImpl.java:62)
at sun.reflect.DelegatingMethodAccessorImpl.invoke(DelegatingMethodAccessorImpl.java:43)
at java.lang.reflect.Method.invoke(Method.java:498)
at org.testng.internal.MethodInvocationHelper.invokeMethod(MethodInvocationHelper.java:133)
at org.testng.internal.MethodInvocationHelper.invokeMethodConsideringTimeout(MethodInvocationHelper.java:62)
at org.testng.internal.ConfigInvoker.invokeConfigurationMethod(ConfigInvoker.java:385)
at org.testng.internal.ConfigInvoker.invokeConfigurations(ConfigInvoker.java:321)
at org.testng.internal.TestMethodWorker.invokeBeforeClassMethods(TestMethodWorker.java:176)
at org.testng.internal.TestMethodWorker.run(TestMethodWorker.java:122)
at java.util.ArrayList.forEach(ArrayList.java:1259)
at org.testng.TestRunner.privateRun(TestRunner.java:794)
at org.testng.TestRunner.run(TestRunner.java:596)
at org.testng.SuiteRunner.runTest(SuiteRunner.java:377)
at org.testng.SuiteRunner.runSequentially(SuiteRunner.java:371)
at org.testng.SuiteRunner.privateRun(SuiteRunner.java:332)
at org.testng.SuiteRunner.run(SuiteRunner.java:276)
at org.testng.SuiteRunnerWorker.runSuite(SuiteRunnerWorker.java:53)
at org.testng.SuiteRunnerWorker.run(SuiteRunnerWorker.java:96)
at org.testng.TestNG.runSuitesSequentially(TestNG.java:1212)
at org.testng.TestNG.runSuitesLocally(TestNG.java:1134)
at org.testng.TestNG.runSuites(TestNG.java:1063)
at org.testng.TestNG.run(TestNG.java:1031)
at org.apache.maven.surefire.testng.TestNGExecutor.run(TestNGExecutor.java:308)
at org.apache.maven.surefire.testng.TestNGXmlTestSuite.execute(TestNGXmlTestSuite.java:71)
at org.apache.maven.surefire.testng.TestNGProvider.invoke(TestNGProvider.java:113)
at org.apache.maven.surefire.booter.ForkedBooter.runSuitesInProcess(ForkedBooter.java:385)
at org.apache.maven.surefire.booter.ForkedBooter.execute(ForkedBooter.java:162)
at org.apache.maven.surefire.booter.ForkedBooter.run(ForkedBooter.java:507)
at org.apache.maven.surefire.booter.ForkedBooter.main(ForkedBooter.java:495)
Caused by: java.net.ConnectException: Connection refused: no further information: localhost/0:0:0:0:0:0:0:1:9090
at org.asynchttpclient.netty.channel.NettyConnectListener.onFailure(NettyConnectListener.java:179)
at org.asynchttpclient.netty.channel.NettyChannelConnector$1.onFailure(NettyChannelConnector.java:108)
at org.asynchttpclient.netty.SimpleChannelFutureListener.operationComplete(SimpleChannelFutureListener.java:28)
at org.asynchttpclient.netty.SimpleChannelFutureListener.operationComplete(SimpleChannelFutureListener.java:20)
at io.netty.util.concurrent.DefaultPromise.notifyListener0(DefaultPromise.java:590)
at io.netty.util.concurrent.DefaultPromise.notifyListeners0(DefaultPromise.java:583)
at io.netty.util.concurrent.DefaultPromise.notifyListenersNow(DefaultPromise.java:559)
at io.netty.util.concurrent.DefaultPromise.notifyListeners(DefaultPromise.java:492)
at io.netty.util.concurrent.DefaultPromise.setValue0(DefaultPromise.java:636)
at io.netty.util.concurrent.DefaultPromise.setFailure0(DefaultPromise.java:629)
at io.netty.util.concurrent.DefaultPromise.tryFailure(DefaultPromise.java:118)
at io.netty.channel.nio.AbstractNioChannel$AbstractNioUnsafe.fulfillConnectPromise(AbstractNioChannel.java:321)
at io.netty.channel.nio.AbstractNioChannel$AbstractNioUnsafe.finishConnect(AbstractNioChannel.java:337)
at io.netty.channel.nio.NioEventLoop.processSelectedKey(NioEventLoop.java:776)
at io.netty.channel.nio.NioEventLoop.processSelectedKeysOptimized(NioEventLoop.java:724)
at io.netty.channel.nio.NioEventLoop.processSelectedKeys(NioEventLoop.java:650)
at io.netty.channel.nio.NioEventLoop.run(NioEventLoop.java:562)
at io.netty.util.concurrent.SingleThreadEventExecutor$4.run(SingleThreadEventExecutor.java:997)
at io.netty.util.internal.ThreadExecutorMap$2.run(ThreadExecutorMap.java:74)
at io.netty.util.concurrent.FastThreadLocalRunnable.run(FastThreadLocalRunnable.java:30)
at java.lang.Thread.run(Thread.java:750)
Caused by: io.netty.channel.AbstractChannel$AnnotatedConnectException: Connection refused: no further information: localhost/0:0:0:0:0:0:0:1:9090
Caused by: java.net.ConnectException: Connection refused: no further information
at sun.nio.ch.SocketChannelImpl.checkConnect(Native Method)
at sun.nio.ch.SocketChannelImpl.finishConnect(SocketChannelImpl.java:716)
at io.netty.channel.socket.nio.NioSocketChannel.doFinishConnect(NioSocketChannel.java:337)
at io.netty.channel.nio.AbstractNioChannel$AbstractNioUnsafe.finishConnect(AbstractNioChannel.java:334)
at io.netty.channel.nio.NioEventLoop.processSelectedKey(NioEventLoop.java:776)
at io.netty.channel.nio.NioEventLoop.processSelectedKeysOptimized(NioEventLoop.java:724)
at io.netty.channel.nio.NioEventLoop.processSelectedKeys(NioEventLoop.java:650)
at io.netty.channel.nio.NioEventLoop.run(NioEventLoop.java:562)
at io.netty.util.concurrent.SingleThreadEventExecutor$4.run(SingleThreadEventExecutor.java:997)
at io.netty.util.internal.ThreadExecutorMap$2.run(ThreadExecutorMap.java:74)
at io.netty.util.concurrent.FastThreadLocalRunnable.run(FastThreadLocalRunnable.java:30)
at java.lang.Thread.run(Thread.java:750)
]]>
    </error>
  </testcase> <!-- setUp -->
  <system-out/>
  <testcase name="TC02_LoginValidUser" time="0.002" classname="com.project.ai.ui.UITestWithAILayers">
    <skipped/>
  </testcase> <!-- TC02_LoginValidUser -->
  <system-out/>
  <testcase name="TC03_LoginInvalidUser" time="0.003" classname="com.project.ai.ui.UITestWithAILayers">
    <skipped/>
  </testcase> <!-- TC03_LoginInvalidUser -->
  <system-out/>
  <testcase name="TC04_LogoutUser" time="0.001" classname="com.project.ai.ui.UITestWithAILayers">
    <skipped/>
  </testcase> <!-- TC04_LogoutUser -->
  <system-out/>
  <testcase name="TC05_RegisterExistingEmail" time="0.023" classname="com.project.ai.ui.UITestWithAILayers">
    <skipped/>
  </testcase> <!-- TC05_RegisterExistingEmail -->
  <system-out/>
  <testcase name="TC06_ContactUsForm" time="0.002" classname="com.project.ai.ui.UITestWithAILayers">
    <skipped/>
  </testcase> <!-- TC06_ContactUsForm -->
  <system-out/>
  <testcase name="TC07_VerifyTestCasesPage" time="0.000" classname="com.project.ai.ui.UITestWithAILayers">
    <skipped/>
  </testcase> <!-- TC07_VerifyTestCasesPage -->
  <system-out/>
  <testcase name="TC08_VerifyProductDetails" time="0.002" classname="com.project.ai.ui.UITestWithAILayers">
    <skipped/>
  </testcase> <!-- TC08_VerifyProductDetails -->
  <system-out/>
  <testcase name="TC09_SearchProduct" time="0.001" classname="com.project.ai.ui.UITestWithAILayers">
    <skipped/>
  </testcase> <!-- TC09_SearchProduct -->
  <system-out/>
  <testcase name="TC10_SubscriptionHome" time="0.001" classname="com.project.ai.ui.UITestWithAILayers">
    <skipped/>
  </testcase> <!-- TC10_SubscriptionHome -->
  <system-out/>
  <testcase name="TC11_SubscriptionCart" time="0.000" classname="com.project.ai.ui.UITestWithAILayers">
    <skipped/>
  </testcase> <!-- TC11_SubscriptionCart -->
  <system-out/>
  <testcase name="TC12_AddProductsToCart" time="0.000" classname="com.project.ai.ui.UITestWithAILayers">
    <skipped/>
  </testcase> <!-- TC12_AddProductsToCart -->
  <system-out/>
  <testcase name="TC13_VerifyProductQuantity" time="0.002" classname="com.project.ai.ui.UITestWithAILayers">
    <skipped/>
  </testcase> <!-- TC13_VerifyProductQuantity -->
  <system-out/>
  <testcase name="TC14_PlaceOrderAfterLogin" time="0.000" classname="com.project.ai.ui.UITestWithAILayers">
    <skipped/>
  </testcase> <!-- TC14_PlaceOrderAfterLogin -->
  <system-out/>
  <testcase name="TC15_RemoveProduct" time="0.001" classname="com.project.ai.ui.UITestWithAILayers">
    <skipped/>
  </testcase> <!-- TC15_RemoveProduct -->
  <system-out/>
  <testcase name="TC16_CategoryProducts" time="0.001" classname="com.project.ai.ui.UITestWithAILayers">
    <skipped/>
  </testcase> <!-- TC16_CategoryProducts -->
  <system-out/>
  <testcase name="TC17_BrandProducts" time="0.000" classname="com.project.ai.ui.UITestWithAILayers">
    <skipped/>
  </testcase> <!-- TC17_BrandProducts -->
  <system-out/>
  <testcase name="TC18_SearchVerifyCartAfterLogin" time="0.000" classname="com.project.ai.ui.UITestWithAILayers">
    <skipped/>
  </testcase> <!-- TC18_SearchVerifyCartAfterLogin -->
  <system-out/>
  <testcase name="TC19_AddReview" time="0.000" classname="com.project.ai.ui.UITestWithAILayers">
    <skipped/>
  </testcase> <!-- TC19_AddReview -->
  <system-out/>
  <testcase name="TC20_DownloadInvoice" time="0.000" classname="com.project.ai.ui.UITestWithAILayers">
    <skipped/>
  </testcase> <!-- TC20_DownloadInvoice -->
  <system-out/>
</testsuite> <!-- com.project.ai.ui.UITestWithAILayers -->
