<?xml version="1.0" encoding="UTF-8"?>
<!-- Generated by org.testng.reporters.JUnitReportReporter -->
<testsuite skipped="0" hostname="LAPTOP-CDU0EB2F" name="com.project.ai.api.APITestWithAILayers" tests="14" failures="0" timestamp="2026-02-20T12:05:24 IST" time="20.687" errors="0">
  <testcase name="testGetAllProductsList" time="3.697" classname="com.project.ai.api.APITestWithAILayers"/>
  <system-out/>
  <testcase name="testPostToAllProductsList" time="1.044" classname="com.project.ai.api.APITestWithAILayers"/>
  <system-out/>
  <testcase name="testGetAllBrandsList" time="0.809" classname="com.project.ai.api.APITestWithAILayers"/>
  <system-out/>
  <testcase name="testPutToAllBrandsList" time="0.893" classname="com.project.ai.api.APITestWithAILayers"/>
  <system-out/>
  <testcase name="testSearchProductWithParameter" time="1.389" classname="com.project.ai.api.APITestWithAILayers"/>
  <system-out/>
  <testcase name="testSearchProductWithoutParameter" time="1.414" classname="com.project.ai.api.APITestWithAILayers"/>
  <system-out/>
  <testcase name="testVerifyLoginWithValidDetails" time="0.874" classname="com.project.ai.api.APITestWithAILayers"/>
  <system-out/>
  <testcase name="testVerifyLoginWithoutEmailParameter" time="1.320" classname="com.project.ai.api.APITestWithAILayers"/>
  <system-out/>
  <testcase name="testDeleteVerifyLogin" time="0.578" classname="com.project.ai.api.APITestWithAILayers"/>
  <system-out/>
  <testcase name="testVerifyLoginWithInvalidDetails" time="0.792" classname="com.project.ai.api.APITestWithAILayers"/>
  <system-out/>
  <testcase name="testCreateUserAccount" time="1.032" classname="com.project.ai.api.APITestWithAILayers"/>
  <system-out/>
  <testcase name="testDeleteUserAccount" time="2.180" classname="com.project.ai.api.APITestWithAILayers"/>
  <system-out/>
  <testcase name="testUpdateUserAccount" time="2.428" classname="com.project.ai.api.APITestWithAILayers"/>
  <system-out/>
  <testcase name="testGetUserDetailByEmail" time="2.237" classname="com.project.ai.api.APITestWithAILayers"/>
  <system-out/>
</testsuite> <!-- com.project.ai.api.APITestWithAILayers -->
