<?xml version="1.0" encoding="UTF-8"?>
<!-- Generated by org.testng.reporters.JUnitXMLReporter -->
<testsuite hostname="LAPTOP-CDU0EB2F" ignored="0" name="AI-Enhanced E-Commerce Test Suite" tests="20" failures="0" timestamp="2026-02-20T12:05:24 IST" time="9.567" errors="0">
  <testcase name="@BeforeClass setUp" time="9.307" classname="com.project.ui.Base.BaseTest">
    <failure type="java.io.UncheckedIOException" message="java.net.ConnectException: Connection refused: no further information: localhost/0:0:0:0:0:0:0:1:9090">
      <![CDATA[java.io.UncheckedIOException: java.net.ConnectException: Connection refused: no further information: localhost/0:0:0:0:0:0:0:1:9090
at org.openqa.selenium.remote.http.netty.NettyHttpHandler.makeCall(NettyHttpHandler.java:73)
at org.openqa.selenium.remote.http.AddSeleniumUserAgent.lambda$apply$0(AddSeleniumUserAgent.java:42)
at org.openqa.selenium.remote.http.Filter.lambda$andFinally$1(Filter.java:55)
at org.openqa.selenium.remote.http.netty.NettyHttpHandler.execute(NettyHttpHandler.java:48)
at org.openqa.selenium.remote.http.netty.NettyClient.execute(NettyClient.java:96)
at com.epam.healenium.client.RestClient.getElements(RestClient.java:134)
at com.epam.healenium.SelfHealingEngine.loadStoredSelectors(SelfHealingEngine.java:173)
at com.epam.healenium.SelfHealingDriver.callInitActions(SelfHealingDriver.java:65)
at com.epam.healenium.SelfHealingDriver.create(SelfHealingDriver.java:42)
at com.project.ui.Base.DriverFactory.getDriver(DriverFactory.java:55)
at com.project.ui.Base.BaseTest.setUp(BaseTest.java:30)
at java.util.ArrayList.forEach(ArrayList.java:1259)
Caused by: java.net.ConnectException: Connection refused: no further information: localhost/0:0:0:0:0:0:0:1:9090
at org.asynchttpclient.netty.channel.NettyConnectListener.onFailure(NettyConnectListener.java:179)
at org.asynchttpclient.netty.channel.NettyChannelConnector$1.onFailure(NettyChannelConnector.java:108)
at org.asynchttpclient.netty.SimpleChannelFutureListener.operationComplete(SimpleChannelFutureListener.java:28)
at org.asynchttpclient.netty.SimpleChannelFutureListener.operationComplete(SimpleChannelFutureListener.java:20)
at io.netty.util.concurrent.DefaultPromise.notifyListener0(DefaultPromise.java:590)
at io.netty.util.concurrent.DefaultPromise.notifyListeners0(DefaultPromise.java:583)
at io.netty.util.concurrent.DefaultPromise.notifyListenersNow(DefaultPromise.java:559)
at io.netty.util.concurrent.DefaultPromise.notifyListeners(DefaultPromise.java:492)
at io.netty.util.concurrent.DefaultPromise.setValue0(DefaultPromise.java:636)
at io.netty.util.concurrent.DefaultPromise.setFailure0(DefaultPromise.java:629)
at io.netty.util.concurrent.DefaultPromise.tryFailure(DefaultPromise.java:118)
at io.netty.channel.nio.AbstractNioChannel$AbstractNioUnsafe.fulfillConnectPromise(AbstractNioChannel.java:321)
at io.netty.channel.nio.AbstractNioChannel$AbstractNioUnsafe.finishConnect(AbstractNioChannel.java:337)
at io.netty.channel.nio.NioEventLoop.processSelectedKey(NioEventLoop.java:776)
at io.netty.channel.nio.NioEventLoop.processSelectedKeysOptimized(NioEventLoop.java:724)
at io.netty.channel.nio.NioEventLoop.processSelectedKeys(NioEventLoop.java:650)
at io.netty.channel.nio.NioEventLoop.run(NioEventLoop.java:562)
at io.netty.util.concurrent.SingleThreadEventExecutor$4.run(SingleThreadEventExecutor.java:997)
at io.netty.util.internal.ThreadExecutorMap$2.run(ThreadExecutorMap.java:74)
at io.netty.util.concurrent.FastThreadLocalRunnable.run(FastThreadLocalRunnable.java:30)
at java.lang.Thread.run(Thread.java:750)
Caused by: io.netty.channel.AbstractChannel$AnnotatedConnectException: Connection refused: no further information: localhost/0:0:0:0:0:0:0:1:9090
Caused by: java.net.ConnectException: Connection refused: no further information
at sun.nio.ch.SocketChannelImpl.checkConnect(Native Method)
at sun.nio.ch.SocketChannelImpl.finishConnect(SocketChannelImpl.java:716)
at io.netty.channel.socket.nio.NioSocketChannel.doFinishConnect(NioSocketChannel.java:337)
at io.netty.channel.nio.AbstractNioChannel$AbstractNioUnsafe.finishConnect(AbstractNioChannel.java:334)
at io.netty.channel.nio.NioEventLoop.processSelectedKey(NioEventLoop.java:776)
at io.netty.channel.nio.NioEventLoop.processSelectedKeysOptimized(NioEventLoop.java:724)
at io.netty.channel.nio.NioEventLoop.processSelectedKeys(NioEventLoop.java:650)
at io.netty.channel.nio.NioEventLoop.run(NioEventLoop.java:562)
at io.netty.util.concurrent.SingleThreadEventExecutor$4.run(SingleThreadEventExecutor.java:997)
at io.netty.util.internal.ThreadExecutorMap$2.run(ThreadExecutorMap.java:74)
at io.netty.util.concurrent.FastThreadLocalRunnable.run(FastThreadLocalRunnable.java:30)
at java.lang.Thread.run(Thread.java:750)
... Removed 29 stack frames]]>
    </failure>
  </testcase> <!-- @BeforeClass setUp -->
  <testcase name="@BeforeClass setUpAI" time="-1.771569324093E9" classname="com.project.ai.ui.UITestWithAILayers">
    <skipped/>
  </testcase> <!-- @BeforeClass setUpAI -->
  <testcase name="@BeforeMethod beforeEachTest" time="-1.771569324101E9" classname="com.project.ui.Base.BaseTest">
    <skipped/>
  </testcase> <!-- @BeforeMethod beforeEachTest -->
  <testcase name="@BeforeMethod beforeEachTest" time="-1.771569324138E9" classname="com.project.ui.Base.BaseTest">
    <skipped/>
  </testcase> <!-- @BeforeMethod beforeEachTest -->
  <testcase name="@BeforeMethod beforeEachTest" time="-1.771569324144E9" classname="com.project.ui.Base.BaseTest">
    <skipped/>
  </testcase> <!-- @BeforeMethod beforeEachTest -->
  <testcase name="@BeforeMethod beforeEachTest" time="-1.77156932415E9" classname="com.project.ui.Base.BaseTest">
    <skipped/>
  </testcase> <!-- @BeforeMethod beforeEachTest -->
  <testcase name="@BeforeMethod beforeEachTest" time="-1.771569324157E9" classname="com.project.ui.Base.BaseTest">
    <skipped/>
  </testcase> <!-- @BeforeMethod beforeEachTest -->
  <testcase name="@BeforeMethod beforeEachTest" time="-1.771569324163E9" classname="com.project.ui.Base.BaseTest">
    <skipped/>
  </testcase> <!-- @BeforeMethod beforeEachTest -->
  <testcase name="@BeforeMethod beforeEachTest" time="-1.771569324173E9" classname="com.project.ui.Base.BaseTest">
    <skipped/>
  </testcase> <!-- @BeforeMethod beforeEachTest -->
  <testcase name="@BeforeMethod beforeEachTest" time="-1.771569324189E9" classname="com.project.ui.Base.BaseTest">
    <skipped/>
  </testcase> <!-- @BeforeMethod beforeEachTest -->
  <testcase name="@BeforeMethod beforeEachTest" time="-1.771569324205E9" classname="com.project.ui.Base.BaseTest">
    <skipped/>
  </testcase> <!-- @BeforeMethod beforeEachTest -->
  <testcase name="@BeforeMethod beforeEachTest" time="-1.771569324217E9" classname="com.project.ui.Base.BaseTest">
    <skipped/>
  </testcase> <!-- @BeforeMethod beforeEachTest -->
  <testcase name="@BeforeMethod beforeEachTest" time="-1.771569324227E9" classname="com.project.ui.Base.BaseTest">
    <skipped/>
  </testcase> <!-- @BeforeMethod beforeEachTest -->
  <testcase name="@BeforeMethod beforeEachTest" time="-1.771569324235E9" classname="com.project.ui.Base.BaseTest">
    <skipped/>
  </testcase> <!-- @BeforeMethod beforeEachTest -->
  <testcase name="@BeforeMethod beforeEachTest" time="-1.771569324244E9" classname="com.project.ui.Base.BaseTest">
    <skipped/>
  </testcase> <!-- @BeforeMethod beforeEachTest -->
  <testcase name="@BeforeMethod beforeEachTest" time="-1.77156932425E9" classname="com.project.ui.Base.BaseTest">
    <skipped/>
  </testcase> <!-- @BeforeMethod beforeEachTest -->
  <testcase name="@BeforeMethod beforeEachTest" time="-1.771569324256E9" classname="com.project.ui.Base.BaseTest">
    <skipped/>
  </testcase> <!-- @BeforeMethod beforeEachTest -->
  <testcase name="@BeforeMethod beforeEachTest" time="-1.771569324266E9" classname="com.project.ui.Base.BaseTest">
    <skipped/>
  </testcase> <!-- @BeforeMethod beforeEachTest -->
  <testcase name="@BeforeMethod beforeEachTest" time="-1.771569324278E9" classname="com.project.ui.Base.BaseTest">
    <skipped/>
  </testcase> <!-- @BeforeMethod beforeEachTest -->
  <testcase name="@BeforeMethod beforeEachTest" time="-1.771569324285E9" classname="com.project.ui.Base.BaseTest">
    <skipped/>
  </testcase> <!-- @BeforeMethod beforeEachTest -->
  <testcase name="@BeforeMethod beforeEachTest" time="-1.771569324295E9" classname="com.project.ui.Base.BaseTest">
    <skipped/>
  </testcase> <!-- @BeforeMethod beforeEachTest -->
  <testcase name="@BeforeMethod beforeEachTest" time="-1.771569324301E9" classname="com.project.ui.Base.BaseTest">
    <skipped/>
  </testcase> <!-- @BeforeMethod beforeEachTest -->
  <testcase name="@AfterClass closeAI" time="-1.771569324319E9" classname="com.project.ai.ui.UITestWithAILayers">
    <skipped/>
  </testcase> <!-- @AfterClass closeAI -->
  <testcase name="@AfterClass tearDown" time="-1.77156932432E9" classname="com.project.ui.Base.BaseTest">
    <skipped/>
  </testcase> <!-- @AfterClass tearDown -->
  <testcase name="TC01_RegisterUser" time="0.0" classname="com.project.ai.ui.UITestWithAILayers">
    <skipped/>
  </testcase> <!-- TC01_RegisterUser -->
  <testcase name="TC02_LoginValidUser" time="0.0" classname="com.project.ai.ui.UITestWithAILayers">
    <skipped/>
  </testcase> <!-- TC02_LoginValidUser -->
  <testcase name="TC03_LoginInvalidUser" time="0.0" classname="com.project.ai.ui.UITestWithAILayers">
    <skipped/>
  </testcase> <!-- TC03_LoginInvalidUser -->
  <testcase name="TC04_LogoutUser" time="0.0" classname="com.project.ai.ui.UITestWithAILayers">
    <skipped/>
  </testcase> <!-- TC04_LogoutUser -->
  <testcase name="TC05_RegisterExistingEmail" time="0.0" classname="com.project.ai.ui.UITestWithAILayers">
    <skipped/>
  </testcase> <!-- TC05_RegisterExistingEmail -->
  <testcase name="TC06_ContactUsForm" time="0.0" classname="com.project.ai.ui.UITestWithAILayers">
    <skipped/>
  </testcase> <!-- TC06_ContactUsForm -->
  <testcase name="TC07_VerifyTestCasesPage" time="0.0" classname="com.project.ai.ui.UITestWithAILayers">
    <skipped/>
  </testcase> <!-- TC07_VerifyTestCasesPage -->
  <testcase name="TC08_VerifyProductDetails" time="0.0" classname="com.project.ai.ui.UITestWithAILayers">
    <skipped/>
  </testcase> <!-- TC08_VerifyProductDetails -->
  <testcase name="TC09_SearchProduct" time="0.0" classname="com.project.ai.ui.UITestWithAILayers">
    <skipped/>
  </testcase> <!-- TC09_SearchProduct -->
  <testcase name="TC10_SubscriptionHome" time="0.0" classname="com.project.ai.ui.UITestWithAILayers">
    <skipped/>
  </testcase> <!-- TC10_SubscriptionHome -->
  <testcase name="TC11_SubscriptionCart" time="0.0" classname="com.project.ai.ui.UITestWithAILayers">
    <skipped/>
  </testcase> <!-- TC11_SubscriptionCart -->
  <testcase name="TC12_AddProductsToCart" time="0.0" classname="com.project.ai.ui.UITestWithAILayers">
    <skipped/>
  </testcase> <!-- TC12_AddProductsToCart -->
  <testcase name="TC13_VerifyProductQuantity" time="0.0" classname="com.project.ai.ui.UITestWithAILayers">
    <skipped/>
  </testcase> <!-- TC13_VerifyProductQuantity -->
  <testcase name="TC14_PlaceOrderAfterLogin" time="0.0" classname="com.project.ai.ui.UITestWithAILayers">
    <skipped/>
  </testcase> <!-- TC14_PlaceOrderAfterLogin -->
  <testcase name="TC15_RemoveProduct" time="0.0" classname="com.project.ai.ui.UITestWithAILayers">
    <skipped/>
  </testcase> <!-- TC15_RemoveProduct -->
  <testcase name="TC16_CategoryProducts" time="0.0" classname="com.project.ai.ui.UITestWithAILayers">
    <skipped/>
  </testcase> <!-- TC16_CategoryProducts -->
  <testcase name="TC17_BrandProducts" time="0.0" classname="com.project.ai.ui.UITestWithAILayers">
    <skipped/>
  </testcase> <!-- TC17_BrandProducts -->
  <testcase name="TC18_SearchVerifyCartAfterLogin" time="0.0" classname="com.project.ai.ui.UITestWithAILayers">
    <skipped/>
  </testcase> <!-- TC18_SearchVerifyCartAfterLogin -->
  <testcase name="TC19_AddReview" time="0.0" classname="com.project.ai.ui.UITestWithAILayers">
    <skipped/>
  </testcase> <!-- TC19_AddReview -->
  <testcase name="TC20_DownloadInvoice" time="0.0" classname="com.project.ai.ui.UITestWithAILayers">
    <skipped/>
  </testcase> <!-- TC20_DownloadInvoice -->
</testsuite> <!-- AI-Enhanced E-Commerce Test Suite -->
