<?xml version="1.0" encoding="UTF-8"?>
<testsuite xmlns:xsi="http://www.w3.org/2001/XMLSchema-instance" xsi:noNamespaceSchemaLocation="https://maven.apache.org/surefire/maven-surefire-plugin/xsd/surefire-test-report-3.0.xsd" version="3.0" name="TestSuite" time="33.152" tests="58" errors="0" skipped="43" failures="1">
  <properties>
[...]
</properties>
  <testcase name="testGetAllProductsList" classname="com.project.ai.api.APITestWithAILayers" time="3.703">
    <system-out><![CDATA[...
... TestNG 7.4.0 by Cédric Beust (cedric@beust.com)
...

12:04:53 [main] INFO  com.project.api.Base.APIBase - Setting up API Base configuration
12:04:53 [main] INFO  com.project.api.Base.APIBase - ========== TEST 1: Get All Products List ==========
12:04:53 [main] INFO  com.project.api.Base.APIBase - Performing GET request to: https://automationexercise.com/api/productsList
Request method:	GET
Request URI:	https://automationexercise.com/api/productsList
Proxy:			<none>
Request params:	<none>
Query params:	<none>
Form params:	<none>
Path params:	<none>
Headers:		Accept=application/json
				Content-Type=application/x-www-form-urlencoded; charset=ISO-8859-1
Cookies:		<none>
Multiparts:		<none>
Body:			<none>
HTTP/1.1 200 OK
Date: Fri, 20 Feb 2026 06:34:56 GMT
Content-Type: text/html; charset=utf-8
Transfer-Encoding: chunked
Connection: keep-alive
vary: Accept,Cookie,Accept-Encoding
referrer-policy: same-origin
x-frame-options: DENY
x-content-type-options: nosniff
allow: PUT, POST, GET, OPTIONS, DELETE
x-powered-by: Phusion Passenger(R) 6.1.0
status: 200 OK
Report-To: {"group":"cf-nel","max_age":604800,"endpoints":[{"url":"https://a.nel.cloudflare.com/report/v4?s=eBXK6FLKo81XUxAJ2Rusoxz7nJ2E58CkPrdirNI3Da6KOVykkl2XWX4Tdv5EkAmCXa3TzEcCUTzpaUJPO3WkFsoNnM6vbhFlLhw%2FKUxqQ1vGuzs5O8E%3D"}]}
Server: cloudflare
cf-cache-status: DYNAMIC
Nel: {"report_to":"cf-nel","success_fraction":0.0,"max_age":604800}
Content-Encoding: gzip
CF-RAY: 9d0bfb1d8a783dea-SIN
alt-svc: h3=":443"; ma=86400

<html>
  <body>{"responseCode": 200, "products": [{"id": 1, "name": "Blue Top", "price": "Rs. 500", "brand": "Polo", "category": {"usertype": {"usertype": "Women"}, "category": "Tops"}}, {"id": 2, "name": "Men Tshirt", "price": "Rs. 400", "brand": "H&amp;M", "category": {"usertype": {"usertype": "Men"}, "category": "Tshirts"}}, {"id": 3, "name": "Sleeveless Dress", "price": "Rs. 1000", "brand": "Madame", "category": {"usertype": {"usertype": "Women"}, "category": "Dress"}}, {"id": 4, "name": "Stylish Dress", "price": "Rs. 1500", "brand": "Madame", "category": {"usertype": {"usertype": "Women"}, "category": "Dress"}}, {"id": 5, "name": "Winter Top", "price": "Rs. 600", "brand": "Mast &amp; Harbour", "category": {"usertype": {"usertype": "Women"}, "category": "Tops"}}, {"id": 6, "name": "Summer White Top", "price": "Rs. 400", "brand": "H&amp;M", "category": {"usertype": {"usertype": "Women"}, "category": "Tops"}}, {"id": 7, "name": "Madame Top For Women", "price": "Rs. 1000", "brand": "Madame", "category": {"usertype": {"usertype": "Women"}, "category": "Tops"}}, {"id": 8, "name": "Fancy Green Top", "price": "Rs. 700", "brand": "Polo", "category": {"usertype": {"usertype": "Women"}, "category": "Tops"}}, {"id": 11, "name": "Sleeves Printed Top - White", "price": "Rs. 499", "brand": "Babyhug", "category": {"usertype": {"usertype": "Kids"}, "category": "Tops &amp; Shirts"}}, {"id": 12, "name": "Half Sleeves Top Schiffli Detailing - Pink", "price": "Rs. 359", "brand": "Babyhug", "category": {"usertype": {"usertype": "Kids"}, "category": "Tops &amp; Shirts"}}, {"id": 13, "name": "Frozen Tops For Kids", "price": "Rs. 278", "brand": "Allen Solly Junior", "category": {"usertype": {"usertype": "Kids"}, "category": "Tops &amp; Shirts"}}, {"id": 14, "name": "Full Sleeves Top Cherry - Pink", "price": "Rs. 679", "brand": "Kookie Kids", "category": {"usertype": {"usertype": "Kids"}, "category": "Tops &amp; Shirts"}}, {"id": 15, "name": "Printed Off Shoulder Top - White", "price": "Rs. 315", "brand": "Babyhug", "category": {"usertype": {"usertype": "Kids"}, "category": "Tops &amp; Shirts"}}, {"id": 16, "name": "Sleeves Top and Short - Blue &amp; Pink", "price": "Rs. 478", "brand": "Babyhug", "category": {"usertype": {"usertype": "Kids"}, "category": "Dress"}}, {"id": 18, "name": "Little Girls Mr. Panda Shirt", "price": "Rs. 1200", "brand": "Kookie Kids", "category": {"usertype": {"usertype": "Kids"}, "category": "Tops &amp; Shirts"}}, {"id": 19, "name": "Sleeveless Unicorn Patch Gown - Pink", "price": "Rs. 1050", "brand": "Allen Solly Junior", "category": {"usertype": {"usertype": "Kids"}, "category": "Dress"}}, {"id": 20, "name": "Cotton Mull Embroidered Dress", "price": "Rs. 1190", "brand": "Kookie Kids", "category": {"usertype": {"usertype": "Kids"}, "category": "Dress"}}, {"id": 21, "name": "Blue Cotton Indie Mickey Dress", "price": "Rs. 1530", "brand": "Biba", "category": {"usertype": {"usertype": "Kids"}, "category": "Dress"}}, {"id": 22, "name": "Long Maxi Tulle Fancy Dress Up Outfits -Pink", "price": "Rs. 1600", "brand": "Biba", "category": {"usertype": {"usertype": "Kids"}, "category": "Dress"}}, {"id": 23, "name": "Sleeveless Unicorn Print Fit &amp; Flare Net Dress - Multi", "price": "Rs. 1100", "brand": "Biba", "category": {"usertype": {"usertype": "Kids"}, "category": "Dress"}}, {"id": 24, "name": "Colour Blocked Shirt \u2013 Sky Blue", "price": "Rs. 849", "brand": "Allen Solly Junior", "category": {"usertype": {"usertype": "Kids"}, "category": "Tops &amp; Shirts"}}, {"id": 28, "name": "Pure Cotton V-Neck T-Shirt", "price": "Rs. 1299", "brand": "H&amp;M", "category": {"usertype": {"usertype": "Men"}, "category": "Tshirts"}}, {"id": 29, "name": "Green Side Placket Detail T-Shirt", "price": "Rs. 1000", "brand": "Polo", "category": {"usertype": {"usertype": "Men"}, "category": "Tshirts"}}, {"id": 30, "name": "Premium Polo T-Shirts", "price": "Rs. 1500", "brand": "Polo", "category": {"usertype": {"usertype": "Men"}, "category": "Tshirts"}}, {"id": 31, "name": "Pure Cotton Neon Green Tshirt", "price": "Rs. 850", "brand": "H&amp;M", "category": {"usertype": {"usertype": "Men"}, "category": "Tshirts"}}, {"id": 33, "name": "Soft Stretch Jeans", "price": "Rs. 799", "brand": "Polo", "category": {"usertype": {"usertype": "Men"}, "category": "Jeans"}}, {"id": 35, "name": "Regular Fit Straight Jeans", "price": "Rs. 1200", "brand": "H&amp;M", "category": {"usertype": {"usertype": "Men"}, "category": "Jeans"}}, {"id": 37, "name": "Grunt Blue Slim Fit Jeans", "price": "Rs. 1400", "brand": "Polo", "category": {"usertype": {"usertype": "Men"}, "category": "Jeans"}}, {"id": 38, "name": "Rose Pink Embroidered Maxi Dress", "price": "Rs. 2300", "brand": "Madame", "category": {"usertype": {"usertype": "Women"}, "category": "Dress"}}, {"id": 39, "name": "Cotton Silk Hand Block Print Saree", "price": "Rs. 3000", "brand": "Biba", "category": {"usertype": {"usertype": "Women"}, "category": "Saree"}}, {"id": 40, "name": "Rust Red Linen Saree", "price": "Rs. 3500", "brand": "Biba", "category": {"usertype": {"usertype": "Women"}, "category": "Saree"}}, {"id": 41, "name": "Beautiful Peacock Blue Cotton Linen Saree", "price": "Rs. 5000", "brand": "Madame", "category": {"usertype": {"usertype": "Women"}, "category": "Saree"}}, {"id": 42, "name": "Lace Top For Women", "price": "Rs. 1400", "brand": "Mast &amp; Harbour", "category": {"usertype": {"usertype": "Women"}, "category": "Tops"}}, {"id": 43, "name": "GRAPHIC DESIGN MEN T SHIRT - BLUE", "price": "Rs. 1389", "brand": "Mast &amp; Harbour", "category": {"usertype": {"usertype": "Men"}, "category": "Tshirts"}}]}</body>
</html>
12:04:57 [main] INFO  com.project.ai.api.performance.PerformanceAnomalyDetector - API Performance [getAllProducts]: 3196ms (Status: 200)
12:04:57 [main] INFO  com.project.api.Base.APIBase - Verifying response status code...
12:04:57 [main] INFO  com.project.ai.api.assertions.SmartAssertionEngine - ? Status code assertion passed: 200
12:04:57 [main] INFO  com.project.ai.api.assertions.SmartAssertionEngine - ? Schema learned for endpoint: productsList
12:04:57 [main] INFO  com.project.ai.api.assertions.SmartAssertionEngine - ? All fields validated successfully
12:04:57 [main] INFO  com.project.ai.api.assertions.SmartAssertionEngine - ? No anomalies detected
12:04:57 [main] WARN  com.project.ai.api.assertions.SmartAssertionEngine - ? Slow response for productsList: 2668ms (threshold: 2000ms)
12:04:57 [main] INFO  com.project.api.utils.ResponseHandler - Response Body: {"responseCode": 200, "products": [{"id": 1, "name": "Blue Top", "price": "Rs. 500", "brand": "Polo", "category": {"usertype": {"usertype": "Women"}, "category": "Tops"}}, {"id": 2, "name": "Men Tshirt", "price": "Rs. 400", "brand": "H&M", "category": {"usertype": {"usertype": "Men"}, "category": "Tshirts"}}, {"id": 3, "name": "Sleeveless Dress", "price": "Rs. 1000", "brand": "Madame", "category": {"usertype": {"usertype": "Women"}, "category": "Dress"}}, {"id": 4, "name": "Stylish Dress", "price": "Rs. 1500", "brand": "Madame", "category": {"usertype": {"usertype": "Women"}, "category": "Dress"}}, {"id": 5, "name": "Winter Top", "price": "Rs. 600", "brand": "Mast & Harbour", "category": {"usertype": {"usertype": "Women"}, "category": "Tops"}}, {"id": 6, "name": "Summer White Top", "price": "Rs. 400", "brand": "H&M", "category": {"usertype": {"usertype": "Women"}, "category": "Tops"}}, {"id": 7, "name": "Madame Top For Women", "price": "Rs. 1000", "brand": "Madame", "category": {"usertype": {"usertype": "Women"}, "category": "Tops"}}, {"id": 8, "name": "Fancy Green Top", "price": "Rs. 700", "brand": "Polo", "category": {"usertype": {"usertype": "Women"}, "category": "Tops"}}, {"id": 11, "name": "Sleeves Printed Top - White", "price": "Rs. 499", "brand": "Babyhug", "category": {"usertype": {"usertype": "Kids"}, "category": "Tops & Shirts"}}, {"id": 12, "name": "Half Sleeves Top Schiffli Detailing - Pink", "price": "Rs. 359", "brand": "Babyhug", "category": {"usertype": {"usertype": "Kids"}, "category": "Tops & Shirts"}}, {"id": 13, "name": "Frozen Tops For Kids", "price": "Rs. 278", "brand": "Allen Solly Junior", "category": {"usertype": {"usertype": "Kids"}, "category": "Tops & Shirts"}}, {"id": 14, "name": "Full Sleeves Top Cherry - Pink", "price": "Rs. 679", "brand": "Kookie Kids", "category": {"usertype": {"usertype": "Kids"}, "category": "Tops & Shirts"}}, {"id": 15, "name": "Printed Off Shoulder Top - White", "price": "Rs. 315", "brand": "Babyhug", "category": {"usertype": {"usertype": "Kids"}, "category": "Tops & Shirts"}}, {"id": 16, "name": "Sleeves Top and Short - Blue & Pink", "price": "Rs. 478", "brand": "Babyhug", "category": {"usertype": {"usertype": "Kids"}, "category": "Dress"}}, {"id": 18, "name": "Little Girls Mr. Panda Shirt", "price": "Rs. 1200", "brand": "Kookie Kids", "category": {"usertype": {"usertype": "Kids"}, "category": "Tops & Shirts"}}, {"id": 19, "name": "Sleeveless Unicorn Patch Gown - Pink", "price": "Rs. 1050", "brand": "Allen Solly Junior", "category": {"usertype": {"usertype": "Kids"}, "category": "Dress"}}, {"id": 20, "name": "Cotton Mull Embroidered Dress", "price": "Rs. 1190", "brand": "Kookie Kids", "category": {"usertype": {"usertype": "Kids"}, "category": "Dress"}}, {"id": 21, "name": "Blue Cotton Indie Mickey Dress", "price": "Rs. 1530", "brand": "Biba", "category": {"usertype": {"usertype": "Kids"}, "category": "Dress"}}, {"id": 22, "name": "Long Maxi Tulle Fancy Dress Up Outfits -Pink", "price": "Rs. 1600", "brand": "Biba", "category": {"usertype": {"usertype": "Kids"}, "category": "Dress"}}, {"id": 23, "name": "Sleeveless Unicorn Print Fit & Flare Net Dress - Multi", "price": "Rs. 1100", "brand": "Biba", "category": {"usertype": {"usertype": "Kids"}, "category": "Dress"}}, {"id": 24, "name": "Colour Blocked Shirt \u2013 Sky Blue", "price": "Rs. 849", "brand": "Allen Solly Junior", "category": {"usertype": {"usertype": "Kids"}, "category": "Tops & Shirts"}}, {"id": 28, "name": "Pure Cotton V-Neck T-Shirt", "price": "Rs. 1299", "brand": "H&M", "category": {"usertype": {"usertype": "Men"}, "category": "Tshirts"}}, {"id": 29, "name": "Green Side Placket Detail T-Shirt", "price": "Rs. 1000", "brand": "Polo", "category": {"usertype": {"usertype": "Men"}, "category": "Tshirts"}}, {"id": 30, "name": "Premium Polo T-Shirts", "price": "Rs. 1500", "brand": "Polo", "category": {"usertype": {"usertype": "Men"}, "category": "Tshirts"}}, {"id": 31, "name": "Pure Cotton Neon Green Tshirt", "price": "Rs. 850", "brand": "H&M", "category": {"usertype": {"usertype": "Men"}, "category": "Tshirts"}}, {"id": 33, "name": "Soft Stretch Jeans", "price": "Rs. 799", "brand": "Polo", "category": {"usertype": {"usertype": "Men"}, "category": "Jeans"}}, {"id": 35, "name": "Regular Fit Straight Jeans", "price": "Rs. 1200", "brand": "H&M", "category": {"usertype": {"usertype": "Men"}, "category": "Jeans"}}, {"id": 37, "name": "Grunt Blue Slim Fit Jeans", "price": "Rs. 1400", "brand": "Polo", "category": {"usertype": {"usertype": "Men"}, "category": "Jeans"}}, {"id": 38, "name": "Rose Pink Embroidered Maxi Dress", "price": "Rs. 2300", "brand": "Madame", "category": {"usertype": {"usertype": "Women"}, "category": "Dress"}}, {"id": 39, "name": "Cotton Silk Hand Block Print Saree", "price": "Rs. 3000", "brand": "Biba", "category": {"usertype": {"usertype": "Women"}, "category": "Saree"}}, {"id": 40, "name": "Rust Red Linen Saree", "price": "Rs. 3500", "brand": "Biba", "category": {"usertype": {"usertype": "Women"}, "category": "Saree"}}, {"id": 41, "name": "Beautiful Peacock Blue Cotton Linen Saree", "price": "Rs. 5000", "brand": "Madame", "category": {"usertype": {"usertype": "Women"}, "category": "Saree"}}, {"id": 42, "name": "Lace Top For Women", "price": "Rs. 1400", "brand": "Mast & Harbour", "category": {"usertype": {"usertype": "Women"}, "category": "Tops"}}, {"id": 43, "name": "GRAPHIC DESIGN MEN T SHIRT - BLUE", "price": "Rs. 1389", "brand": "Mast & Harbour", "category": {"usertype": {"usertype": "Men"}, "category": "Tshirts"}}]}
12:04:57 [main] INFO  com.project.api.utils.ResponseHandler - ============ RESPONSE DETAILS ============
12:04:57 [main] INFO  com.project.api.utils.ResponseHandler - Status Code: 200
12:04:57 [main] INFO  com.project.api.utils.ResponseHandler - Status Line: HTTP/1.1 200 OK
12:04:57 [main] INFO  com.project.api.utils.ResponseHandler - Content Type: text/html; charset=utf-8
12:04:57 [main] INFO  com.project.api.utils.ResponseHandler - Response Body: {"responseCode": 200, "products": [{"id": 1, "name": "Blue Top", "price": "Rs. 500", "brand": "Polo", "category": {"usertype": {"usertype": "Women"}, "category": "Tops"}}, {"id": 2, "name": "Men Tshirt", "price": "Rs. 400", "brand": "H&M", "category": {"usertype": {"usertype": "Men"}, "category": "Tshirts"}}, {"id": 3, "name": "Sleeveless Dress", "price": "Rs. 1000", "brand": "Madame", "category": {"usertype": {"usertype": "Women"}, "category": "Dress"}}, {"id": 4, "name": "Stylish Dress", "price": "Rs. 1500", "brand": "Madame", "category": {"usertype": {"usertype": "Women"}, "category": "Dress"}}, {"id": 5, "name": "Winter Top", "price": "Rs. 600", "brand": "Mast & Harbour", "category": {"usertype": {"usertype": "Women"}, "category": "Tops"}}, {"id": 6, "name": "Summer White Top", "price": "Rs. 400", "brand": "H&M", "category": {"usertype": {"usertype": "Women"}, "category": "Tops"}}, {"id": 7, "name": "Madame Top For Women", "price": "Rs. 1000", "brand": "Madame", "category": {"usertype": {"usertype": "Women"}, "category": "Tops"}}, {"id": 8, "name": "Fancy Green Top", "price": "Rs. 700", "brand": "Polo", "category": {"usertype": {"usertype": "Women"}, "category": "Tops"}}, {"id": 11, "name": "Sleeves Printed Top - White", "price": "Rs. 499", "brand": "Babyhug", "category": {"usertype": {"usertype": "Kids"}, "category": "Tops & Shirts"}}, {"id": 12, "name": "Half Sleeves Top Schiffli Detailing - Pink", "price": "Rs. 359", "brand": "Babyhug", "category": {"usertype": {"usertype": "Kids"}, "category": "Tops & Shirts"}}, {"id": 13, "name": "Frozen Tops For Kids", "price": "Rs. 278", "brand": "Allen Solly Junior", "category": {"usertype": {"usertype": "Kids"}, "category": "Tops & Shirts"}}, {"id": 14, "name": "Full Sleeves Top Cherry - Pink", "price": "Rs. 679", "brand": "Kookie Kids", "category": {"usertype": {"usertype": "Kids"}, "category": "Tops & Shirts"}}, {"id": 15, "name": "Printed Off Shoulder Top - White", "price": "Rs. 315", "brand": "Babyhug", "category": {"usertype": {"usertype": "Kids"}, "category": "Tops & Shirts"}}, {"id": 16, "name": "Sleeves Top and Short - Blue & Pink", "price": "Rs. 478", "brand": "Babyhug", "category": {"usertype": {"usertype": "Kids"}, "category": "Dress"}}, {"id": 18, "name": "Little Girls Mr. Panda Shirt", "price": "Rs. 1200", "brand": "Kookie Kids", "category": {"usertype": {"usertype": "Kids"}, "category": "Tops & Shirts"}}, {"id": 19, "name": "Sleeveless Unicorn Patch Gown - Pink", "price": "Rs. 1050", "brand": "Allen Solly Junior", "category": {"usertype": {"usertype": "Kids"}, "category": "Dress"}}, {"id": 20, "name": "Cotton Mull Embroidered Dress", "price": "Rs. 1190", "brand": "Kookie Kids", "category": {"usertype": {"usertype": "Kids"}, "category": "Dress"}}, {"id": 21, "name": "Blue Cotton Indie Mickey Dress", "price": "Rs. 1530", "brand": "Biba", "category": {"usertype": {"usertype": "Kids"}, "category": "Dress"}}, {"id": 22, "name": "Long Maxi Tulle Fancy Dress Up Outfits -Pink", "price": "Rs. 1600", "brand": "Biba", "category": {"usertype": {"usertype": "Kids"}, "category": "Dress"}}, {"id": 23, "name": "Sleeveless Unicorn Print Fit & Flare Net Dress - Multi", "price": "Rs. 1100", "brand": "Biba", "category": {"usertype": {"usertype": "Kids"}, "category": "Dress"}}, {"id": 24, "name": "Colour Blocked Shirt \u2013 Sky Blue", "price": "Rs. 849", "brand": "Allen Solly Junior", "category": {"usertype": {"usertype": "Kids"}, "category": "Tops & Shirts"}}, {"id": 28, "name": "Pure Cotton V-Neck T-Shirt", "price": "Rs. 1299", "brand": "H&M", "category": {"usertype": {"usertype": "Men"}, "category": "Tshirts"}}, {"id": 29, "name": "Green Side Placket Detail T-Shirt", "price": "Rs. 1000", "brand": "Polo", "category": {"usertype": {"usertype": "Men"}, "category": "Tshirts"}}, {"id": 30, "name": "Premium Polo T-Shirts", "price": "Rs. 1500", "brand": "Polo", "category": {"usertype": {"usertype": "Men"}, "category": "Tshirts"}}, {"id": 31, "name": "Pure Cotton Neon Green Tshirt", "price": "Rs. 850", "brand": "H&M", "category": {"usertype": {"usertype": "Men"}, "category": "Tshirts"}}, {"id": 33, "name": "Soft Stretch Jeans", "price": "Rs. 799", "brand": "Polo", "category": {"usertype": {"usertype": "Men"}, "category": "Jeans"}}, {"id": 35, "name": "Regular Fit Straight Jeans", "price": "Rs. 1200", "brand": "H&M", "category": {"usertype": {"usertype": "Men"}, "category": "Jeans"}}, {"id": 37, "name": "Grunt Blue Slim Fit Jeans", "price": "Rs. 1400", "brand": "Polo", "category": {"usertype": {"usertype": "Men"}, "category": "Jeans"}}, {"id": 38, "name": "Rose Pink Embroidered Maxi Dress", "price": "Rs. 2300", "brand": "Madame", "category": {"usertype": {"usertype": "Women"}, "category": "Dress"}}, {"id": 39, "name": "Cotton Silk Hand Block Print Saree", "price": "Rs. 3000", "brand": "Biba", "category": {"usertype": {"usertype": "Women"}, "category": "Saree"}}, {"id": 40, "name": "Rust Red Linen Saree", "price": "Rs. 3500", "brand": "Biba", "category": {"usertype": {"usertype": "Women"}, "category": "Saree"}}, {"id": 41, "name": "Beautiful Peacock Blue Cotton Linen Saree", "price": "Rs. 5000", "brand": "Madame", "category": {"usertype": {"usertype": "Women"}, "category": "Saree"}}, {"id": 42, "name": "Lace Top For Women", "price": "Rs. 1400", "brand": "Mast & Harbour", "category": {"usertype": {"usertype": "Women"}, "category": "Tops"}}, {"id": 43, "name": "GRAPHIC DESIGN MEN T SHIRT - BLUE", "price": "Rs. 1389", "brand": "Mast & Harbour", "category": {"usertype": {"usertype": "Men"}, "category": "Tshirts"}}]}
12:04:57 [main] INFO  com.project.api.utils.ResponseHandler - =========================================
12:04:57 [main] INFO  com.project.api.Base.APIBase - ? Test 1 PASSED: Get All Products List
]]></system-out>
    <system-err><![CDATA[SLF4J(W): No SLF4J providers were found.
SLF4J(W): Defaulting to no-operation (NOP) logger implementation
SLF4J(W): See https://www.slf4j.org/codes.html#noProviders for further details.
SLF4J(W): Class path contains SLF4J bindings targeting slf4j-api versions 1.7.x or earlier.
SLF4J(W): Ignoring binding found at [jar:file:/C:/Users/hp5cd/.m2/repository/org/slf4j/slf4j-simple/1.7.30/slf4j-simple-1.7.30.jar!/org/slf4j/impl/StaticLoggerBinder.class]
SLF4J(W): See https://www.slf4j.org/codes.html#ignoredBindings for an explanation.
]]></system-err>
  </testcase>
  <testcase name="testPostToAllProductsList" classname="com.project.ai.api.APITestWithAILayers" time="1.047">
    <system-out><![CDATA[12:04:57 [main] INFO  com.project.api.Base.APIBase - ========== TEST 2: POST To All Products List ==========
12:04:57 [main] INFO  com.project.api.Base.APIBase - Performing POST request to: https://automationexercise.com/api/productsList
Request method:	POST
Request URI:	https://automationexercise.com/api/productsList
Proxy:			<none>
Request params:	<none>
Query params:	<none>
Form params:	<none>
Path params:	<none>
Headers:		Accept=application/json
				Content-Type=application/x-www-form-urlencoded; charset=ISO-8859-1
Cookies:		<none>
Multiparts:		<none>
Body:			<none>
HTTP/1.1 200 OK
Date: Fri, 20 Feb 2026 06:34:58 GMT
Content-Type: text/html; charset=utf-8
Transfer-Encoding: chunked
Connection: keep-alive
vary: Accept,Cookie,Accept-Encoding
referrer-policy: same-origin
x-frame-options: DENY
x-content-type-options: nosniff
allow: GET, OPTIONS, DELETE, POST, PUT
x-powered-by: Phusion Passenger(R) 6.1.0
status: 200 OK
Report-To: {"group":"cf-nel","max_age":604800,"endpoints":[{"url":"https://a.nel.cloudflare.com/report/v4?s=7RUN5sTYd2KWy6ALXV5jHi%2FKZm9kjjarYitWygqL1ULHruez7gBFTryYx5C1%2BB0u04RwirhhayQnMteqp81TQIVTKo4oZ47V2wFNMPzv2ByglROT9l0%3D"}]}
Server: cloudflare
cf-cache-status: DYNAMIC
Nel: {"report_to":"cf-nel","success_fraction":0.0,"max_age":604800}
Content-Encoding: gzip
CF-RAY: 9d0bfb2f9a2bf8d4-SIN
alt-svc: h3=":443"; ma=86400

<html>
  <body>{"responseCode": 405, "message": "This request method is not supported."}</body>
</html>
12:04:58 [main] INFO  com.project.ai.api.performance.PerformanceAnomalyDetector - API Performance [postAllProducts]: 1030ms (Status: 200)
12:04:58 [main] INFO  com.project.api.Base.APIBase - Verifying response status code is 200...
12:04:58 [main] INFO  com.project.ai.api.assertions.SmartAssertionEngine - ? Status code assertion passed: 200
12:04:58 [main] INFO  com.project.ai.api.assertions.SmartAssertionEngine - ? Schema learned for endpoint: postProductsList
12:04:58 [main] INFO  com.project.ai.api.assertions.SmartAssertionEngine - ? No anomalies detected
12:04:58 [main] INFO  com.project.ai.api.assertions.SmartAssertionEngine - ? Response time OK: 1018ms
12:04:58 [main] INFO  com.project.api.utils.ResponseHandler - ============ RESPONSE DETAILS ============
12:04:58 [main] INFO  com.project.api.utils.ResponseHandler - Status Code: 200
12:04:58 [main] INFO  com.project.api.utils.ResponseHandler - Status Line: HTTP/1.1 200 OK
12:04:58 [main] INFO  com.project.api.utils.ResponseHandler - Content Type: text/html; charset=utf-8
12:04:58 [main] INFO  com.project.api.utils.ResponseHandler - Response Body: {"responseCode": 405, "message": "This request method is not supported."}
12:04:58 [main] INFO  com.project.api.utils.ResponseHandler - =========================================
12:04:58 [main] INFO  com.project.api.Base.APIBase - ? Test 2 PASSED: POST To All Products List returns 200
]]></system-out>
  </testcase>
  <testcase name="testGetAllBrandsList" classname="com.project.ai.api.APITestWithAILayers" time="0.811">
    <system-out><![CDATA[12:04:58 [main] INFO  com.project.api.Base.APIBase - ========== TEST 3: Get All Brands List ==========
12:04:58 [main] INFO  com.project.api.Base.APIBase - Performing GET request to: https://automationexercise.com/api/brandsList
Request method:	GET
Request URI:	https://automationexercise.com/api/brandsList
Proxy:			<none>
Request params:	<none>
Query params:	<none>
Form params:	<none>
Path params:	<none>
Headers:		Accept=application/json
				Content-Type=application/x-www-form-urlencoded; charset=ISO-8859-1
Cookies:		<none>
Multiparts:		<none>
Body:			<none>
HTTP/1.1 200 OK
Date: Fri, 20 Feb 2026 06:34:59 GMT
Content-Type: text/html; charset=utf-8
Transfer-Encoding: chunked
Connection: keep-alive
vary: Accept,Cookie,Accept-Encoding
referrer-policy: same-origin
x-frame-options: DENY
x-content-type-options: nosniff
allow: POST, GET, DELETE, PUT, OPTIONS
x-powered-by: Phusion Passenger(R) 6.1.0
status: 200 OK
Report-To: {"group":"cf-nel","max_age":604800,"endpoints":[{"url":"https://a.nel.cloudflare.com/report/v4?s=cAqpCG8SXcQYpFM2B1RAo1AC8WqNwX01WFI%2FODTRSeEQxIjn94elMFdBdaiEkrLTlP1TqbNYH1VEXlzYyPuTqMIzz2m%2FHHNTeuruRS85U7zTfR%2FgdXU%3D"}]}
Server: cloudflare
cf-cache-status: DYNAMIC
Nel: {"report_to":"cf-nel","success_fraction":0.0,"max_age":604800}
Content-Encoding: gzip
CF-RAY: 9d0bfb362839fe18-SIN
alt-svc: h3=":443"; ma=86400

<html>
  <body>{"responseCode": 200, "brands": [{"id": 1, "brand": "Polo"}, {"id": 2, "brand": "H&amp;M"}, {"id": 3, "brand": "Madame"}, {"id": 4, "brand": "Madame"}, {"id": 5, "brand": "Mast &amp; Harbour"}, {"id": 6, "brand": "H&amp;M"}, {"id": 7, "brand": "Madame"}, {"id": 8, "brand": "Polo"}, {"id": 11, "brand": "Babyhug"}, {"id": 12, "brand": "Babyhug"}, {"id": 13, "brand": "Allen Solly Junior"}, {"id": 14, "brand": "Kookie Kids"}, {"id": 15, "brand": "Babyhug"}, {"id": 16, "brand": "Babyhug"}, {"id": 18, "brand": "Kookie Kids"}, {"id": 19, "brand": "Allen Solly Junior"}, {"id": 20, "brand": "Kookie Kids"}, {"id": 21, "brand": "Biba"}, {"id": 22, "brand": "Biba"}, {"id": 23, "brand": "Biba"}, {"id": 24, "brand": "Allen Solly Junior"}, {"id": 28, "brand": "H&amp;M"}, {"id": 29, "brand": "Polo"}, {"id": 30, "brand": "Polo"}, {"id": 31, "brand": "H&amp;M"}, {"id": 33, "brand": "Polo"}, {"id": 35, "brand": "H&amp;M"}, {"id": 37, "brand": "Polo"}, {"id": 38, "brand": "Madame"}, {"id": 39, "brand": "Biba"}, {"id": 40, "brand": "Biba"}, {"id": 41, "brand": "Madame"}, {"id": 42, "brand": "Mast &amp; Harbour"}, {"id": 43, "brand": "Mast &amp; Harbour"}]}</body>
</html>
12:04:59 [main] INFO  com.project.ai.api.performance.PerformanceAnomalyDetector - API Performance [getAllBrands]: 791ms (Status: 200)
12:04:59 [main] INFO  com.project.api.Base.APIBase - Verifying response status code...
12:04:59 [main] INFO  com.project.ai.api.assertions.SmartAssertionEngine - ? Status code assertion passed: 200
12:04:59 [main] INFO  com.project.ai.api.assertions.SmartAssertionEngine - ? Schema learned for endpoint: brandsList
12:04:59 [main] INFO  com.project.ai.api.assertions.SmartAssertionEngine - ? All fields validated successfully
12:04:59 [main] INFO  com.project.ai.api.assertions.SmartAssertionEngine - ? No anomalies detected
12:04:59 [main] INFO  com.project.ai.api.assertions.SmartAssertionEngine - ? Response time OK: 775ms
12:04:59 [main] INFO  com.project.api.utils.ResponseHandler - Response Body: {"responseCode": 200, "brands": [{"id": 1, "brand": "Polo"}, {"id": 2, "brand": "H&M"}, {"id": 3, "brand": "Madame"}, {"id": 4, "brand": "Madame"}, {"id": 5, "brand": "Mast & Harbour"}, {"id": 6, "brand": "H&M"}, {"id": 7, "brand": "Madame"}, {"id": 8, "brand": "Polo"}, {"id": 11, "brand": "Babyhug"}, {"id": 12, "brand": "Babyhug"}, {"id": 13, "brand": "Allen Solly Junior"}, {"id": 14, "brand": "Kookie Kids"}, {"id": 15, "brand": "Babyhug"}, {"id": 16, "brand": "Babyhug"}, {"id": 18, "brand": "Kookie Kids"}, {"id": 19, "brand": "Allen Solly Junior"}, {"id": 20, "brand": "Kookie Kids"}, {"id": 21, "brand": "Biba"}, {"id": 22, "brand": "Biba"}, {"id": 23, "brand": "Biba"}, {"id": 24, "brand": "Allen Solly Junior"}, {"id": 28, "brand": "H&M"}, {"id": 29, "brand": "Polo"}, {"id": 30, "brand": "Polo"}, {"id": 31, "brand": "H&M"}, {"id": 33, "brand": "Polo"}, {"id": 35, "brand": "H&M"}, {"id": 37, "brand": "Polo"}, {"id": 38, "brand": "Madame"}, {"id": 39, "brand": "Biba"}, {"id": 40, "brand": "Biba"}, {"id": 41, "brand": "Madame"}, {"id": 42, "brand": "Mast & Harbour"}, {"id": 43, "brand": "Mast & Harbour"}]}
12:04:59 [main] INFO  com.project.api.utils.ResponseHandler - ============ RESPONSE DETAILS ============
12:04:59 [main] INFO  com.project.api.utils.ResponseHandler - Status Code: 200
12:04:59 [main] INFO  com.project.api.utils.ResponseHandler - Status Line: HTTP/1.1 200 OK
12:04:59 [main] INFO  com.project.api.utils.ResponseHandler - Content Type: text/html; charset=utf-8
12:04:59 [main] INFO  com.project.api.utils.ResponseHandler - Response Body: {"responseCode": 200, "brands": [{"id": 1, "brand": "Polo"}, {"id": 2, "brand": "H&M"}, {"id": 3, "brand": "Madame"}, {"id": 4, "brand": "Madame"}, {"id": 5, "brand": "Mast & Harbour"}, {"id": 6, "brand": "H&M"}, {"id": 7, "brand": "Madame"}, {"id": 8, "brand": "Polo"}, {"id": 11, "brand": "Babyhug"}, {"id": 12, "brand": "Babyhug"}, {"id": 13, "brand": "Allen Solly Junior"}, {"id": 14, "brand": "Kookie Kids"}, {"id": 15, "brand": "Babyhug"}, {"id": 16, "brand": "Babyhug"}, {"id": 18, "brand": "Kookie Kids"}, {"id": 19, "brand": "Allen Solly Junior"}, {"id": 20, "brand": "Kookie Kids"}, {"id": 21, "brand": "Biba"}, {"id": 22, "brand": "Biba"}, {"id": 23, "brand": "Biba"}, {"id": 24, "brand": "Allen Solly Junior"}, {"id": 28, "brand": "H&M"}, {"id": 29, "brand": "Polo"}, {"id": 30, "brand": "Polo"}, {"id": 31, "brand": "H&M"}, {"id": 33, "brand": "Polo"}, {"id": 35, "brand": "H&M"}, {"id": 37, "brand": "Polo"}, {"id": 38, "brand": "Madame"}, {"id": 39, "brand": "Biba"}, {"id": 40, "brand": "Biba"}, {"id": 41, "brand": "Madame"}, {"id": 42, "brand": "Mast & Harbour"}, {"id": 43, "brand": "Mast & Harbour"}]}
12:04:59 [main] INFO  com.project.api.utils.ResponseHandler - =========================================
12:04:59 [main] INFO  com.project.api.Base.APIBase - ? Test 3 PASSED: Get All Brands List
]]></system-out>
  </testcase>
  <testcase name="testPutToAllBrandsList" classname="com.project.ai.api.APITestWithAILayers" time="0.896">
    <system-out><![CDATA[12:04:59 [main] INFO  com.project.api.Base.APIBase - ========== TEST 4: PUT To All Brands List ==========
12:04:59 [main] INFO  com.project.api.Base.APIBase - Performing PUT request to: https://automationexercise.com/api/brandsList
Request method:	PUT
Request URI:	https://automationexercise.com/api/brandsList
Proxy:			<none>
Request params:	<none>
Query params:	<none>
Form params:	<none>
Path params:	<none>
Headers:		Accept=application/json
				Content-Type=application/x-www-form-urlencoded; charset=ISO-8859-1
Cookies:		<none>
Multiparts:		<none>
Body:			<none>
HTTP/1.1 200 OK
Date: Fri, 20 Feb 2026 06:35:00 GMT
Content-Type: text/html; charset=utf-8
Transfer-Encoding: chunked
Connection: keep-alive
vary: Accept,Cookie,Accept-Encoding
referrer-policy: same-origin
x-frame-options: DENY
x-content-type-options: nosniff
allow: GET, OPTIONS, DELETE, POST, PUT
x-powered-by: Phusion Passenger(R) 6.1.0
status: 200 OK
Report-To: {"group":"cf-nel","max_age":604800,"endpoints":[{"url":"https://a.nel.cloudflare.com/report/v4?s=KDkVg1tVBxB2UJrjhLVRON0r%2B2BcfPCdEXirSWXTC2mrWvv71ce59qv58PPNUieHDbkJRLlxwzAOg5OdCReaGjl1BwCoFatmh%2F9ljat5fA%2Bf6D5qxt4%3D"}]}
Server: cloudflare
cf-cache-status: DYNAMIC
Nel: {"report_to":"cf-nel","success_fraction":0.0,"max_age":604800}
Content-Encoding: gzip
CF-RAY: 9d0bfb3b1802fd3d-SIN
alt-svc: h3=":443"; ma=86400

<html>
  <body>{"responseCode": 405, "message": "This request method is not supported."}</body>
</html>
12:05:00 [main] INFO  com.project.ai.api.performance.PerformanceAnomalyDetector - API Performance [putAllBrands]: 882ms (Status: 200)
12:05:00 [main] INFO  com.project.api.Base.APIBase - Verifying response status code is 200...
12:05:00 [main] INFO  com.project.ai.api.assertions.SmartAssertionEngine - ? Status code assertion passed: 200
12:05:00 [main] INFO  com.project.ai.api.assertions.SmartAssertionEngine - ? Schema learned for endpoint: putBrandsList
12:05:00 [main] INFO  com.project.ai.api.assertions.SmartAssertionEngine - ? No anomalies detected
12:05:00 [main] INFO  com.project.ai.api.assertions.SmartAssertionEngine - ? Response time OK: 875ms
12:05:00 [main] INFO  com.project.api.utils.ResponseHandler - ============ RESPONSE DETAILS ============
12:05:00 [main] INFO  com.project.api.utils.ResponseHandler - Status Code: 200
12:05:00 [main] INFO  com.project.api.utils.ResponseHandler - Status Line: HTTP/1.1 200 OK
12:05:00 [main] INFO  com.project.api.utils.ResponseHandler - Content Type: text/html; charset=utf-8
12:05:00 [main] INFO  com.project.api.utils.ResponseHandler - Response Body: {"responseCode": 405, "message": "This request method is not supported."}
12:05:00 [main] INFO  com.project.api.utils.ResponseHandler - =========================================
12:05:00 [main] INFO  com.project.api.Base.APIBase - ? Test 4 PASSED: PUT To All Brands List returns 200
]]></system-out>
  </testcase>
  <testcase name="testSearchProductWithParameter" classname="com.project.ai.api.APITestWithAILayers" time="1.395">
    <system-out><![CDATA[12:05:00 [main] INFO  com.project.api.Base.APIBase - ========== TEST 5: Search Product With Parameter ==========
12:05:00 [main] INFO  com.project.api.Base.APIBase - Performing POST request to: https://automationexercise.com/api/searchProduct
Request method:	POST
Request URI:	https://automationexercise.com/api/searchProduct
Proxy:			<none>
Request params:	<none>
Query params:	<none>
Form params:	search_product=top
Path params:	<none>
Headers:		Accept=application/json
				Content-Type=application/x-www-form-urlencoded; charset=ISO-8859-1
Cookies:		<none>
Multiparts:		<none>
Body:			<none>
HTTP/1.1 200 OK
Date: Fri, 20 Feb 2026 06:35:01 GMT
Content-Type: text/html; charset=utf-8
Transfer-Encoding: chunked
Connection: keep-alive
vary: Accept,Cookie,Accept-Encoding
referrer-policy: same-origin
x-frame-options: DENY
x-content-type-options: nosniff
allow: DELETE, PUT, GET, OPTIONS, POST
x-powered-by: Phusion Passenger(R) 6.1.0
status: 200 OK
Report-To: {"group":"cf-nel","max_age":604800,"endpoints":[{"url":"https://a.nel.cloudflare.com/report/v4?s=mJLeCK6920KlYyNDPNKPbCJOV9Yn8F2pcfDF%2FBXtdIu2oNx26BpXr5%2FG3AY8lTu3Q1bKHP68XfobmF6u33Ndxx2HCTUJBh38M1gGkrPC3dpcW0JvTJs%3D"}]}
Server: cloudflare
cf-cache-status: DYNAMIC
Nel: {"report_to":"cf-nel","success_fraction":0.0,"max_age":604800}
Content-Encoding: gzip
CF-RAY: 9d0bfb40e9c9a075-SIN
alt-svc: h3=":443"; ma=86400

<html>
  <body>{"responseCode": 200, "products": [{"id": 1, "name": "Blue Top", "price": "Rs. 500", "brand": "Polo", "category": {"usertype": {"usertype": "Women"}, "category": "Tops"}}, {"id": 5, "name": "Winter Top", "price": "Rs. 600", "brand": "Mast &amp; Harbour", "category": {"usertype": {"usertype": "Women"}, "category": "Tops"}}, {"id": 6, "name": "Summer White Top", "price": "Rs. 400", "brand": "H&amp;M", "category": {"usertype": {"usertype": "Women"}, "category": "Tops"}}, {"id": 7, "name": "Madame Top For Women", "price": "Rs. 1000", "brand": "Madame", "category": {"usertype": {"usertype": "Women"}, "category": "Tops"}}, {"id": 8, "name": "Fancy Green Top", "price": "Rs. 700", "brand": "Polo", "category": {"usertype": {"usertype": "Women"}, "category": "Tops"}}, {"id": 11, "name": "Sleeves Printed Top - White", "price": "Rs. 499", "brand": "Babyhug", "category": {"usertype": {"usertype": "Kids"}, "category": "Tops &amp; Shirts"}}, {"id": 12, "name": "Half Sleeves Top Schiffli Detailing - Pink", "price": "Rs. 359", "brand": "Babyhug", "category": {"usertype": {"usertype": "Kids"}, "category": "Tops &amp; Shirts"}}, {"id": 13, "name": "Frozen Tops For Kids", "price": "Rs. 278", "brand": "Allen Solly Junior", "category": {"usertype": {"usertype": "Kids"}, "category": "Tops &amp; Shirts"}}, {"id": 14, "name": "Full Sleeves Top Cherry - Pink", "price": "Rs. 679", "brand": "Kookie Kids", "category": {"usertype": {"usertype": "Kids"}, "category": "Tops &amp; Shirts"}}, {"id": 15, "name": "Printed Off Shoulder Top - White", "price": "Rs. 315", "brand": "Babyhug", "category": {"usertype": {"usertype": "Kids"}, "category": "Tops &amp; Shirts"}}, {"id": 16, "name": "Sleeves Top and Short - Blue &amp; Pink", "price": "Rs. 478", "brand": "Babyhug", "category": {"usertype": {"usertype": "Kids"}, "category": "Dress"}}, {"id": 18, "name": "Little Girls Mr. Panda Shirt", "price": "Rs. 1200", "brand": "Kookie Kids", "category": {"usertype": {"usertype": "Kids"}, "category": "Tops &amp; Shirts"}}, {"id": 24, "name": "Colour Blocked Shirt \u2013 Sky Blue", "price": "Rs. 849", "brand": "Allen Solly Junior", "category": {"usertype": {"usertype": "Kids"}, "category": "Tops &amp; Shirts"}}, {"id": 42, "name": "Lace Top For Women", "price": "Rs. 1400", "brand": "Mast &amp; Harbour", "category": {"usertype": {"usertype": "Women"}, "category": "Tops"}}]}</body>
</html>
12:05:01 [main] INFO  com.project.ai.api.performance.PerformanceAnomalyDetector - API Performance [searchProduct]: 1375ms (Status: 200)
12:05:01 [main] INFO  com.project.api.Base.APIBase - Verifying response status code...
12:05:01 [main] INFO  com.project.ai.api.assertions.SmartAssertionEngine - ? Status code assertion passed: 200
12:05:01 [main] INFO  com.project.ai.api.assertions.SmartAssertionEngine - ? Schema learned for endpoint: searchProduct
12:05:01 [main] INFO  com.project.ai.api.assertions.SmartAssertionEngine - ? All fields validated successfully
12:05:01 [main] INFO  com.project.ai.api.assertions.SmartAssertionEngine - ? No anomalies detected
12:05:01 [main] INFO  com.project.ai.api.assertions.SmartAssertionEngine - ? Response time OK: 1362ms
12:05:01 [main] INFO  com.project.api.utils.ResponseHandler - Response Body: {"responseCode": 200, "products": [{"id": 1, "name": "Blue Top", "price": "Rs. 500", "brand": "Polo", "category": {"usertype": {"usertype": "Women"}, "category": "Tops"}}, {"id": 5, "name": "Winter Top", "price": "Rs. 600", "brand": "Mast & Harbour", "category": {"usertype": {"usertype": "Women"}, "category": "Tops"}}, {"id": 6, "name": "Summer White Top", "price": "Rs. 400", "brand": "H&M", "category": {"usertype": {"usertype": "Women"}, "category": "Tops"}}, {"id": 7, "name": "Madame Top For Women", "price": "Rs. 1000", "brand": "Madame", "category": {"usertype": {"usertype": "Women"}, "category": "Tops"}}, {"id": 8, "name": "Fancy Green Top", "price": "Rs. 700", "brand": "Polo", "category": {"usertype": {"usertype": "Women"}, "category": "Tops"}}, {"id": 11, "name": "Sleeves Printed Top - White", "price": "Rs. 499", "brand": "Babyhug", "category": {"usertype": {"usertype": "Kids"}, "category": "Tops & Shirts"}}, {"id": 12, "name": "Half Sleeves Top Schiffli Detailing - Pink", "price": "Rs. 359", "brand": "Babyhug", "category": {"usertype": {"usertype": "Kids"}, "category": "Tops & Shirts"}}, {"id": 13, "name": "Frozen Tops For Kids", "price": "Rs. 278", "brand": "Allen Solly Junior", "category": {"usertype": {"usertype": "Kids"}, "category": "Tops & Shirts"}}, {"id": 14, "name": "Full Sleeves Top Cherry - Pink", "price": "Rs. 679", "brand": "Kookie Kids", "category": {"usertype": {"usertype": "Kids"}, "category": "Tops & Shirts"}}, {"id": 15, "name": "Printed Off Shoulder Top - White", "price": "Rs. 315", "brand": "Babyhug", "category": {"usertype": {"usertype": "Kids"}, "category": "Tops & Shirts"}}, {"id": 16, "name": "Sleeves Top and Short - Blue & Pink", "price": "Rs. 478", "brand": "Babyhug", "category": {"usertype": {"usertype": "Kids"}, "category": "Dress"}}, {"id": 18, "name": "Little Girls Mr. Panda Shirt", "price": "Rs. 1200", "brand": "Kookie Kids", "category": {"usertype": {"usertype": "Kids"}, "category": "Tops & Shirts"}}, {"id": 24, "name": "Colour Blocked Shirt \u2013 Sky Blue", "price": "Rs. 849", "brand": "Allen Solly Junior", "category": {"usertype": {"usertype": "Kids"}, "category": "Tops & Shirts"}}, {"id": 42, "name": "Lace Top For Women", "price": "Rs. 1400", "brand": "Mast & Harbour", "category": {"usertype": {"usertype": "Women"}, "category": "Tops"}}]}
12:05:01 [main] INFO  com.project.api.utils.ResponseHandler - ============ RESPONSE DETAILS ============
12:05:01 [main] INFO  com.project.api.utils.ResponseHandler - Status Code: 200
12:05:01 [main] INFO  com.project.api.utils.ResponseHandler - Status Line: HTTP/1.1 200 OK
12:05:01 [main] INFO  com.project.api.utils.ResponseHandler - Content Type: text/html; charset=utf-8
12:05:01 [main] INFO  com.project.api.utils.ResponseHandler - Response Body: {"responseCode": 200, "products": [{"id": 1, "name": "Blue Top", "price": "Rs. 500", "brand": "Polo", "category": {"usertype": {"usertype": "Women"}, "category": "Tops"}}, {"id": 5, "name": "Winter Top", "price": "Rs. 600", "brand": "Mast & Harbour", "category": {"usertype": {"usertype": "Women"}, "category": "Tops"}}, {"id": 6, "name": "Summer White Top", "price": "Rs. 400", "brand": "H&M", "category": {"usertype": {"usertype": "Women"}, "category": "Tops"}}, {"id": 7, "name": "Madame Top For Women", "price": "Rs. 1000", "brand": "Madame", "category": {"usertype": {"usertype": "Women"}, "category": "Tops"}}, {"id": 8, "name": "Fancy Green Top", "price": "Rs. 700", "brand": "Polo", "category": {"usertype": {"usertype": "Women"}, "category": "Tops"}}, {"id": 11, "name": "Sleeves Printed Top - White", "price": "Rs. 499", "brand": "Babyhug", "category": {"usertype": {"usertype": "Kids"}, "category": "Tops & Shirts"}}, {"id": 12, "name": "Half Sleeves Top Schiffli Detailing - Pink", "price": "Rs. 359", "brand": "Babyhug", "category": {"usertype": {"usertype": "Kids"}, "category": "Tops & Shirts"}}, {"id": 13, "name": "Frozen Tops For Kids", "price": "Rs. 278", "brand": "Allen Solly Junior", "category": {"usertype": {"usertype": "Kids"}, "category": "Tops & Shirts"}}, {"id": 14, "name": "Full Sleeves Top Cherry - Pink", "price": "Rs. 679", "brand": "Kookie Kids", "category": {"usertype": {"usertype": "Kids"}, "category": "Tops & Shirts"}}, {"id": 15, "name": "Printed Off Shoulder Top - White", "price": "Rs. 315", "brand": "Babyhug", "category": {"usertype": {"usertype": "Kids"}, "category": "Tops & Shirts"}}, {"id": 16, "name": "Sleeves Top and Short - Blue & Pink", "price": "Rs. 478", "brand": "Babyhug", "category": {"usertype": {"usertype": "Kids"}, "category": "Dress"}}, {"id": 18, "name": "Little Girls Mr. Panda Shirt", "price": "Rs. 1200", "brand": "Kookie Kids", "category": {"usertype": {"usertype": "Kids"}, "category": "Tops & Shirts"}}, {"id": 24, "name": "Colour Blocked Shirt \u2013 Sky Blue", "price": "Rs. 849", "brand": "Allen Solly Junior", "category": {"usertype": {"usertype": "Kids"}, "category": "Tops & Shirts"}}, {"id": 42, "name": "Lace Top For Women", "price": "Rs. 1400", "brand": "Mast & Harbour", "category": {"usertype": {"usertype": "Women"}, "category": "Tops"}}]}
12:05:01 [main] INFO  com.project.api.utils.ResponseHandler - =========================================
12:05:01 [main] INFO  com.project.api.Base.APIBase - ? Test 5 PASSED: Search Product With Parameter
]]></system-out>
  </testcase>
  <testcase name="testSearchProductWithoutParameter" classname="com.project.ai.api.APITestWithAILayers" time="1.414">
    <system-out><![CDATA[12:05:01 [main] INFO  com.project.api.Base.APIBase - ========== TEST 6: Search Product Without Parameter ==========
12:05:01 [main] INFO  com.project.api.Base.APIBase - Performing POST request to: https://automationexercise.com/api/searchProduct
Request method:	POST
Request URI:	https://automationexercise.com/api/searchProduct
Proxy:			<none>
Request params:	<none>
Query params:	<none>
Form params:	<none>
Path params:	<none>
Headers:		Accept=application/json
				Content-Type=application/x-www-form-urlencoded; charset=ISO-8859-1
Cookies:		<none>
Multiparts:		<none>
Body:			<none>
HTTP/1.1 200 OK
Date: Fri, 20 Feb 2026 06:35:03 GMT
Content-Type: text/html; charset=utf-8
Transfer-Encoding: chunked
Connection: keep-alive
vary: Accept,Cookie,Accept-Encoding
referrer-policy: same-origin
x-frame-options: DENY
x-content-type-options: nosniff
allow: GET, OPTIONS, DELETE, POST, PUT
x-powered-by: Phusion Passenger(R) 6.1.0
status: 200 OK
Report-To: {"group":"cf-nel","max_age":604800,"endpoints":[{"url":"https://a.nel.cloudflare.com/report/v4?s=ChKSXnY%2Bz5HWl46RCH8%2BnnALCcLFXdcSJgwgi7uWuOklkjFwEKrFSi%2FjDkoZGMCSO4nLHm%2BNo1IjwDTARZiDpGLZiyGeGdp2Jb6%2F%2BkHGifmkYlxmERo%3D"}]}
Server: cloudflare
cf-cache-status: DYNAMIC
Nel: {"report_to":"cf-nel","success_fraction":0.0,"max_age":604800}
Content-Encoding: gzip
CF-RAY: 9d0bfb4999993dbc-SIN
alt-svc: h3=":443"; ma=86400

<html>
  <body>{"responseCode": 400, "message": "Bad request, search_product parameter is missing in POST request."}</body>
</html>
12:05:03 [main] INFO  com.project.ai.api.performance.PerformanceAnomalyDetector - API Performance [searchProductNoParam]: 1404ms (Status: 200)
12:05:03 [main] INFO  com.project.api.Base.APIBase - Verifying response status code is 200...
12:05:03 [main] INFO  com.project.ai.api.assertions.SmartAssertionEngine - ? Status code assertion passed: 200
12:05:03 [main] INFO  com.project.ai.api.assertions.SmartAssertionEngine - ? Schema learned for endpoint: searchProductNoParam
12:05:03 [main] INFO  com.project.ai.api.assertions.SmartAssertionEngine - ? No anomalies detected
12:05:03 [main] INFO  com.project.ai.api.assertions.SmartAssertionEngine - ? Response time OK: 1391ms
12:05:03 [main] INFO  com.project.api.utils.ResponseHandler - ============ RESPONSE DETAILS ============
12:05:03 [main] INFO  com.project.api.utils.ResponseHandler - Status Code: 200
12:05:03 [main] INFO  com.project.api.utils.ResponseHandler - Status Line: HTTP/1.1 200 OK
12:05:03 [main] INFO  com.project.api.utils.ResponseHandler - Content Type: text/html; charset=utf-8
12:05:03 [main] INFO  com.project.api.utils.ResponseHandler - Response Body: {"responseCode": 400, "message": "Bad request, search_product parameter is missing in POST request."}
12:05:03 [main] INFO  com.project.api.utils.ResponseHandler - =========================================
12:05:03 [main] INFO  com.project.api.Base.APIBase - ? Test 6 PASSED: Search Product Without Parameter returns 200
]]></system-out>
  </testcase>
  <testcase name="testVerifyLoginWithValidDetails" classname="com.project.ai.api.APITestWithAILayers" time="0.876">
    <system-out><![CDATA[12:05:03 [main] INFO  com.project.api.Base.APIBase - ========== TEST 7: Verify Login With Valid Details ==========
12:05:03 [main] INFO  com.project.api.Base.APIBase - Performing POST request to: https://automationexercise.com/api/verifyLogin
Request method:	POST
Request URI:	https://automationexercise.com/api/verifyLogin
Proxy:			<none>
Request params:	<none>
Query params:	<none>
Form params:	email=test@example.com
				password=password123
Path params:	<none>
Headers:		Accept=application/json
				Content-Type=application/x-www-form-urlencoded; charset=ISO-8859-1
Cookies:		<none>
Multiparts:		<none>
Body:			<none>
HTTP/1.1 200 OK
Date: Fri, 20 Feb 2026 06:35:03 GMT
Content-Type: text/html; charset=utf-8
Transfer-Encoding: chunked
Connection: keep-alive
vary: Accept,Cookie,Accept-Encoding
referrer-policy: same-origin
x-frame-options: DENY
x-content-type-options: nosniff
allow: POST, PUT, GET, DELETE, OPTIONS
x-powered-by: Phusion Passenger(R) 6.1.0
status: 200 OK
Report-To: {"group":"cf-nel","max_age":604800,"endpoints":[{"url":"https://a.nel.cloudflare.com/report/v4?s=6DEivuPMpttYhlUUwcDIJclt9qmAKkGooVVkYvtiqnFcK4OCOWZQXwmSFeLrUM5%2FO48i86ytAs9DHSGTI%2FqWP%2BeAu0WGXc1SnGdUy62nk9EMG2m1SS4%3D"}]}
Server: cloudflare
cf-cache-status: DYNAMIC
Nel: {"report_to":"cf-nel","success_fraction":0.0,"max_age":604800}
Content-Encoding: gzip
CF-RAY: 9d0bfb525dd3fe04-SIN
alt-svc: h3=":443"; ma=86400

<html>
  <body>{"responseCode": 404, "message": "User not found!"}</body>
</html>
12:05:04 [main] INFO  com.project.ai.api.performance.PerformanceAnomalyDetector - API Performance [verifyLogin]: 855ms (Status: 200)
12:05:04 [main] INFO  com.project.api.Base.APIBase - Verifying response status code...
12:05:04 [main] INFO  com.project.ai.api.assertions.SmartAssertionEngine - ? Status code assertion passed: 200
12:05:04 [main] INFO  com.project.ai.api.assertions.SmartAssertionEngine - ? Schema learned for endpoint: userLogin
12:05:04 [main] INFO  com.project.ai.api.assertions.SmartAssertionEngine - ? All fields validated successfully
12:05:04 [main] INFO  com.project.ai.api.assertions.SmartAssertionEngine - ? No anomalies detected
12:05:04 [main] INFO  com.project.ai.api.assertions.SmartAssertionEngine - ? Response time OK: 840ms
12:05:04 [main] INFO  com.project.api.utils.ResponseHandler - ============ RESPONSE DETAILS ============
12:05:04 [main] INFO  com.project.api.utils.ResponseHandler - Status Code: 200
12:05:04 [main] INFO  com.project.api.utils.ResponseHandler - Status Line: HTTP/1.1 200 OK
12:05:04 [main] INFO  com.project.api.utils.ResponseHandler - Content Type: text/html; charset=utf-8
12:05:04 [main] INFO  com.project.api.utils.ResponseHandler - Response Body: {"responseCode": 404, "message": "User not found!"}
12:05:04 [main] INFO  com.project.api.utils.ResponseHandler - =========================================
12:05:04 [main] INFO  com.project.api.Base.APIBase - ? Test 7 PASSED: Verify Login With Valid Details
]]></system-out>
  </testcase>
  <testcase name="testVerifyLoginWithoutEmailParameter" classname="com.project.ai.api.APITestWithAILayers" time="1.324">
    <system-out><![CDATA[12:05:04 [main] INFO  com.project.api.Base.APIBase - ========== TEST 8: Verify Login Without Email Parameter ==========
12:05:04 [main] INFO  com.project.api.Base.APIBase - Performing POST request to: https://automationexercise.com/api/verifyLogin
Request method:	POST
Request URI:	https://automationexercise.com/api/verifyLogin
Proxy:			<none>
Request params:	<none>
Query params:	<none>
Form params:	password=password123
Path params:	<none>
Headers:		Accept=application/json
				Content-Type=application/x-www-form-urlencoded; charset=ISO-8859-1
Cookies:		<none>
Multiparts:		<none>
Body:			<none>
HTTP/1.1 200 OK
Date: Fri, 20 Feb 2026 06:35:05 GMT
Content-Type: text/html; charset=utf-8
Transfer-Encoding: chunked
Connection: keep-alive
vary: Accept,Cookie,Accept-Encoding
referrer-policy: same-origin
x-frame-options: DENY
x-content-type-options: nosniff
allow: GET, OPTIONS, DELETE, POST, PUT
x-powered-by: Phusion Passenger(R) 6.1.0
status: 200 OK
Report-To: {"group":"cf-nel","max_age":604800,"endpoints":[{"url":"https://a.nel.cloudflare.com/report/v4?s=uSBwf1zUQfNE%2BuydIK2ebln8LPo1Br3TQGFXvqkGF77foeEtKHbpy2oUX4Y5BIQgWwYLDFplGQQgUlblX2Z2J800BCWI7erqCxG5Unu9UxRzkVgoepU%3D"}]}
Server: cloudflare
cf-cache-status: DYNAMIC
Nel: {"report_to":"cf-nel","success_fraction":0.0,"max_age":604800}
Content-Encoding: gzip
CF-RAY: 9d0bfb57cba29ca4-SIN
alt-svc: h3=":443"; ma=86400

<html>
  <body>{"responseCode": 400, "message": "Bad request, email or password parameter is missing in POST request."}</body>
</html>
12:05:05 [main] INFO  com.project.ai.api.performance.PerformanceAnomalyDetector - API Performance [verifyLoginNoEmail]: 1305ms (Status: 200)
12:05:05 [main] INFO  com.project.api.Base.APIBase - Verifying response status code is 200...
12:05:05 [main] INFO  com.project.ai.api.assertions.SmartAssertionEngine - ? Status code assertion passed: 200
12:05:05 [main] INFO  com.project.ai.api.assertions.SmartAssertionEngine - ? Schema learned for endpoint: verifyLoginNoEmail
12:05:05 [main] INFO  com.project.ai.api.assertions.SmartAssertionEngine - ? No anomalies detected
12:05:05 [main] WARN  com.project.ai.api.assertions.SmartAssertionEngine - ? Slow response for verifyLoginNoEmail: 1292ms (threshold: 1000ms)
12:05:05 [main] INFO  com.project.api.utils.ResponseHandler - ============ RESPONSE DETAILS ============
12:05:05 [main] INFO  com.project.api.utils.ResponseHandler - Status Code: 200
12:05:05 [main] INFO  com.project.api.utils.ResponseHandler - Status Line: HTTP/1.1 200 OK
12:05:05 [main] INFO  com.project.api.utils.ResponseHandler - Content Type: text/html; charset=utf-8
12:05:05 [main] INFO  com.project.api.utils.ResponseHandler - Response Body: {"responseCode": 400, "message": "Bad request, email or password parameter is missing in POST request."}
12:05:05 [main] INFO  com.project.api.utils.ResponseHandler - =========================================
12:05:05 [main] INFO  com.project.api.Base.APIBase - ? Test 8 PASSED: Verify Login Without Email Parameter returns 200
]]></system-out>
  </testcase>
  <testcase name="testDeleteVerifyLogin" classname="com.project.ai.api.APITestWithAILayers" time="0.58">
    <system-out><![CDATA[12:05:05 [main] INFO  com.project.api.Base.APIBase - ========== TEST 9: DELETE Verify Login ==========
12:05:05 [main] INFO  com.project.api.Base.APIBase - Performing DELETE request to: https://automationexercise.com/api/verifyLogin
Request method:	DELETE
Request URI:	https://automationexercise.com/api/verifyLogin
Proxy:			<none>
Request params:	<none>
Query params:	<none>
Form params:	<none>
Path params:	<none>
Headers:		Accept=application/json
				Content-Type=application/x-www-form-urlencoded; charset=ISO-8859-1
Cookies:		<none>
Multiparts:		<none>
Body:			<none>
HTTP/1.1 200 OK
Date: Fri, 20 Feb 2026 06:35:05 GMT
Content-Type: text/html; charset=utf-8
Transfer-Encoding: chunked
Connection: keep-alive
vary: Accept,Cookie,Accept-Encoding
referrer-policy: same-origin
x-frame-options: DENY
x-content-type-options: nosniff
allow: GET, OPTIONS, DELETE, POST, PUT
x-powered-by: Phusion Passenger(R) 6.1.0
status: 200 OK
Report-To: {"group":"cf-nel","max_age":604800,"endpoints":[{"url":"https://a.nel.cloudflare.com/report/v4?s=4HDeYEbuk%2BkEo0ltx%2Fin2dAIAZnH8pMryfbTbk0JXJkFbGu7JMIaIqG0%2B2NiEjPEu4qf5Aei4rFao9nbC6s6%2BX54gg48CP64c62N7qSj7ST97%2FUPqfk%3D"}]}
Server: cloudflare
cf-cache-status: DYNAMIC
Nel: {"report_to":"cf-nel","success_fraction":0.0,"max_age":604800}
Content-Encoding: gzip
CF-RAY: 9d0bfb602cefff8b-SIN
alt-svc: h3=":443"; ma=86400

<html>
  <body>{"responseCode": 405, "message": "This request method is not supported."}</body>
</html>
12:05:06 [main] INFO  com.project.ai.api.performance.PerformanceAnomalyDetector - API Performance [deleteVerifyLogin]: 559ms (Status: 200)
12:05:06 [main] INFO  com.project.api.Base.APIBase - Verifying response status code is 200...
12:05:06 [main] INFO  com.project.ai.api.assertions.SmartAssertionEngine - ? Status code assertion passed: 200
12:05:06 [main] INFO  com.project.ai.api.assertions.SmartAssertionEngine - ? Schema learned for endpoint: deleteVerifyLogin
12:05:06 [main] INFO  com.project.ai.api.assertions.SmartAssertionEngine - ? No anomalies detected
12:05:06 [main] INFO  com.project.ai.api.assertions.SmartAssertionEngine - ? Response time OK: 547ms
12:05:06 [main] INFO  com.project.api.utils.ResponseHandler - ============ RESPONSE DETAILS ============
12:05:06 [main] INFO  com.project.api.utils.ResponseHandler - Status Code: 200
12:05:06 [main] INFO  com.project.api.utils.ResponseHandler - Status Line: HTTP/1.1 200 OK
12:05:06 [main] INFO  com.project.api.utils.ResponseHandler - Content Type: text/html; charset=utf-8
12:05:06 [main] INFO  com.project.api.utils.ResponseHandler - Response Body: {"responseCode": 405, "message": "This request method is not supported."}
12:05:06 [main] INFO  com.project.api.utils.ResponseHandler - =========================================
12:05:06 [main] INFO  com.project.api.Base.APIBase - ? Test 9 PASSED: DELETE Verify Login returns 200
]]></system-out>
  </testcase>
  <testcase name="testVerifyLoginWithInvalidDetails" classname="com.project.ai.api.APITestWithAILayers" time="0.793">
    <system-out><![CDATA[12:05:06 [main] INFO  com.project.api.Base.APIBase - ========== TEST 10: Verify Login With Invalid Details ==========
12:05:06 [main] INFO  com.project.api.Base.APIBase - Performing POST request to: https://automationexercise.com/api/verifyLogin
Request method:	POST
Request URI:	https://automationexercise.com/api/verifyLogin
Proxy:			<none>
Request params:	<none>
Query params:	<none>
Form params:	email=invalid@example.com
				password=invalid
Path params:	<none>
Headers:		Accept=application/json
				Content-Type=application/x-www-form-urlencoded; charset=ISO-8859-1
Cookies:		<none>
Multiparts:		<none>
Body:			<none>
HTTP/1.1 200 OK
Date: Fri, 20 Feb 2026 06:35:06 GMT
Content-Type: text/html; charset=utf-8
Transfer-Encoding: chunked
Connection: keep-alive
vary: Accept,Cookie,Accept-Encoding
referrer-policy: same-origin
x-frame-options: DENY
x-content-type-options: nosniff
allow: PUT, POST, GET, OPTIONS, DELETE
x-powered-by: Phusion Passenger(R) 6.1.0
status: 200 OK
Report-To: {"group":"cf-nel","max_age":604800,"endpoints":[{"url":"https://a.nel.cloudflare.com/report/v4?s=sI0I0%2FZtgdiNhX3erLQsjbvdPsrkIDTanqYY1PLd%2Be5TwXPFNo4DO3qphk7H2pqofrK2abXpRWWWLF8P8G8cqVQeWPFCul%2FXm%2FUixI2%2BZiNa%2Bi%2BsX8o%3D"}]}
Server: cloudflare
cf-cache-status: DYNAMIC
Nel: {"report_to":"cf-nel","success_fraction":0.0,"max_age":604800}
Content-Encoding: gzip
CF-RAY: 9d0bfb63ca8da059-SIN
alt-svc: h3=":443"; ma=86400

<html>
  <body>{"responseCode": 404, "message": "User not found!"}</body>
</html>
12:05:06 [main] INFO  com.project.ai.api.performance.PerformanceAnomalyDetector - API Performance [loginInvalid]: 781ms (Status: 200)
12:05:06 [main] INFO  com.project.api.Base.APIBase - Verifying response status code is 200...
12:05:06 [main] INFO  com.project.ai.api.assertions.SmartAssertionEngine - ? Status code assertion passed: 200
12:05:06 [main] INFO  com.project.ai.api.assertions.SmartAssertionEngine - ? Schema learned for endpoint: loginInvalid
12:05:06 [main] INFO  com.project.ai.api.assertions.SmartAssertionEngine - ? No anomalies detected
12:05:06 [main] INFO  com.project.ai.api.assertions.SmartAssertionEngine - ? Response time OK: 768ms
12:05:06 [main] INFO  com.project.api.utils.ResponseHandler - ============ RESPONSE DETAILS ============
12:05:06 [main] INFO  com.project.api.utils.ResponseHandler - Status Code: 200
12:05:06 [main] INFO  com.project.api.utils.ResponseHandler - Status Line: HTTP/1.1 200 OK
12:05:06 [main] INFO  com.project.api.utils.ResponseHandler - Content Type: text/html; charset=utf-8
12:05:06 [main] INFO  com.project.api.utils.ResponseHandler - Response Body: {"responseCode": 404, "message": "User not found!"}
12:05:06 [main] INFO  com.project.api.utils.ResponseHandler - =========================================
12:05:06 [main] INFO  com.project.api.Base.APIBase - ? Test 10 PASSED: Verify Login With Invalid Details returns 200
]]></system-out>
  </testcase>
  <testcase name="testCreateUserAccount" classname="com.project.ai.api.APITestWithAILayers" time="1.033">
    <system-out><![CDATA[12:05:06 [main] INFO  com.project.api.Base.APIBase - ========== TEST 11: Create User Account ==========
12:05:06 [main] INFO  com.project.api.Base.APIBase - Performing POST request to: https://automationexercise.com/api/createAccount
Request method:	POST
Request URI:	https://automationexercise.com/api/createAccount
Proxy:			<none>
Request params:	<none>
Query params:	<none>
Form params:	name=Test User
				email=newuser1771569306819@example.com
				password=password123
				title=Mr
				birth_date=15
				birth_month=6
				birth_year=1990
				firstname=Test
				lastname=User
				company=Test Company
				address1=123 Test Street
				address2=Apt 4B
				country=United States
				state=California
				city=San Francisco
				zipcode=94102
				mobile_number=1234567890
Path params:	<none>
Headers:		Accept=application/json
				Content-Type=application/x-www-form-urlencoded; charset=ISO-8859-1
Cookies:		<none>
Multiparts:		<none>
Body:			<none>
HTTP/1.1 200 OK
Date: Fri, 20 Feb 2026 06:35:07 GMT
Content-Type: text/html; charset=utf-8
Transfer-Encoding: chunked
Connection: keep-alive
vary: Accept,Cookie,Accept-Encoding
referrer-policy: same-origin
x-frame-options: DENY
x-content-type-options: nosniff
allow: OPTIONS, POST
x-powered-by: Phusion Passenger(R) 6.1.0
status: 200 OK
Report-To: {"group":"cf-nel","max_age":604800,"endpoints":[{"url":"https://a.nel.cloudflare.com/report/v4?s=2ywtviIa0A%2F4gtIi2142z08LArGSvwSBbGR2cafhrahIrp%2BJ8WGSSN1IsSy2pB6URKZUxdq3bAY37UUeS7rWoNr0e1hFbcHfiT9CplUK2Vpk1GMY9Rg%3D"}]}
Server: cloudflare
cf-cache-status: DYNAMIC
Nel: {"report_to":"cf-nel","success_fraction":0.0,"max_age":604800}
Content-Encoding: gzip
CF-RAY: 9d0bfb68ef7cfceb-SIN
alt-svc: h3=":443"; ma=86400

<html>
  <body>{"responseCode": 201, "message": "User created!"}</body>
</html>
12:05:07 [main] INFO  com.project.ai.api.performance.PerformanceAnomalyDetector - API Performance [createAccount]: 1016ms (Status: 200)
12:05:07 [main] INFO  com.project.api.Base.APIBase - Verifying response status code...
12:05:07 [main] INFO  com.project.ai.api.assertions.SmartAssertionEngine - ? Status code assertion passed: 200
12:05:07 [main] INFO  com.project.ai.api.assertions.SmartAssertionEngine - ? Schema learned for endpoint: createAccount
12:05:07 [main] INFO  com.project.ai.api.assertions.SmartAssertionEngine - ? All fields validated successfully
12:05:07 [main] INFO  com.project.ai.api.assertions.SmartAssertionEngine - Ignoring dynamic fields: user.id, user.created_at, user.token
12:05:07 [main] INFO  com.project.ai.api.assertions.SmartAssertionEngine - ? No anomalies detected
12:05:07 [main] INFO  com.project.ai.api.assertions.SmartAssertionEngine - ? Response time OK: 998ms
12:05:07 [main] INFO  com.project.api.utils.ResponseHandler - ============ RESPONSE DETAILS ============
12:05:07 [main] INFO  com.project.api.utils.ResponseHandler - Status Code: 200
12:05:07 [main] INFO  com.project.api.utils.ResponseHandler - Status Line: HTTP/1.1 200 OK
12:05:07 [main] INFO  com.project.api.utils.ResponseHandler - Content Type: text/html; charset=utf-8
12:05:07 [main] INFO  com.project.api.utils.ResponseHandler - Response Body: {"responseCode": 201, "message": "User created!"}
12:05:07 [main] INFO  com.project.api.utils.ResponseHandler - =========================================
12:05:07 [main] INFO  com.project.api.Base.APIBase - ? Test 11 PASSED: Create User Account returns 200
]]></system-out>
  </testcase>
  <testcase name="testDeleteUserAccount" classname="com.project.ai.api.APITestWithAILayers" time="2.182">
    <system-out><![CDATA[12:05:07 [main] INFO  com.project.api.Base.APIBase - ========== TEST 12: Delete User Account ==========
12:05:07 [main] INFO  com.project.api.Base.APIBase - Performing POST request to: https://automationexercise.com/api/createAccount
Request method:	POST
Request URI:	https://automationexercise.com/api/createAccount
Proxy:			<none>
Request params:	<none>
Query params:	<none>
Form params:	name=Test User
				email=deleteuser1771569307853@example.com
				password=password123
				title=Mr
				birth_date=15
				birth_month=6
				birth_year=1990
				firstname=Test
				lastname=User
				company=Test Company
				address1=123 Test Street
				address2=Apt 4B
				country=United States
				state=California
				city=San Francisco
				zipcode=94102
				mobile_number=1234567890
Path params:	<none>
Headers:		Accept=application/json
				Content-Type=application/x-www-form-urlencoded; charset=ISO-8859-1
Cookies:		<none>
Multiparts:		<none>
Body:			<none>
HTTP/1.1 200 OK
Date: Fri, 20 Feb 2026 06:35:09 GMT
Content-Type: text/html; charset=utf-8
Transfer-Encoding: chunked
Connection: keep-alive
vary: Accept,Cookie,Accept-Encoding
referrer-policy: same-origin
x-frame-options: DENY
x-content-type-options: nosniff
allow: POST, OPTIONS
x-powered-by: Phusion Passenger(R) 6.1.0
status: 200 OK
Report-To: {"group":"cf-nel","max_age":604800,"endpoints":[{"url":"https://a.nel.cloudflare.com/report/v4?s=QsYv%2BYkCVDQadJE1T6CO90CdDQ%2BaPophWXPQefmGQVqqCT%2Bp2eoGp1aapalWhhq9YqAI%2FeCGPWMwpz%2BFE2ZtG7o0bS8AKlwPJnQdovjUlFvNJWv84s8%3D"}]}
Server: cloudflare
cf-cache-status: DYNAMIC
Nel: {"report_to":"cf-nel","success_fraction":0.0,"max_age":604800}
Content-Encoding: gzip
CF-RAY: 9d0bfb6f3948135a-SIN
alt-svc: h3=":443"; ma=86400

<html>
  <body>{"responseCode": 201, "message": "User created!"}</body>
</html>
12:05:09 [main] INFO  com.project.api.Base.APIBase - Performing DELETE request to: https://automationexercise.com/api/deleteAccount
Request method:	DELETE
Request URI:	https://automationexercise.com/api/deleteAccount
Proxy:			<none>
Request params:	<none>
Query params:	<none>
Form params:	email=deleteuser1771569307853@example.com
				password=password123
Path params:	<none>
Headers:		Accept=application/json
				Content-Type=application/x-www-form-urlencoded; charset=ISO-8859-1
Cookies:		<none>
Multiparts:		<none>
Body:			<none>
HTTP/1.1 200 OK
Date: Fri, 20 Feb 2026 06:35:09 GMT
Content-Type: text/html; charset=utf-8
Transfer-Encoding: chunked
Connection: keep-alive
vary: Accept,Cookie,Accept-Encoding
referrer-policy: same-origin
x-frame-options: DENY
x-content-type-options: nosniff
allow: DELETE, OPTIONS
x-powered-by: Phusion Passenger(R) 6.1.0
status: 200 OK
Report-To: {"group":"cf-nel","max_age":604800,"endpoints":[{"url":"https://a.nel.cloudflare.com/report/v4?s=bR%2Be4LBh3H1FXzzkk7G4WQ2m3g2XDGrcalC9EDxorqW1kiw%2Bb87Nobu7US%2BPQpdieUas8ppG693BVEZ%2BUkr7KDCyizhUxVGwstnEd1acMVgH%2FsiGZ1Y%3D"}]}
Server: cloudflare
cf-cache-status: DYNAMIC
Nel: {"report_to":"cf-nel","success_fraction":0.0,"max_age":604800}
Content-Encoding: gzip
CF-RAY: 9d0bfb7879843fcc-SIN
alt-svc: h3=":443"; ma=86400

<html>
  <body>{"responseCode": 200, "message": "Account deleted!"}</body>
</html>
12:05:10 [main] INFO  com.project.ai.api.performance.PerformanceAnomalyDetector - API Performance [deleteAccount]: 672ms (Status: 200)
12:05:10 [main] INFO  com.project.api.Base.APIBase - Verifying response status code...
12:05:10 [main] INFO  com.project.ai.api.assertions.SmartAssertionEngine - ? Status code assertion passed: 200
12:05:10 [main] INFO  com.project.ai.api.assertions.SmartAssertionEngine - ? Schema learned for endpoint: deleteAccount
12:05:10 [main] INFO  com.project.ai.api.assertions.SmartAssertionEngine - ? All fields validated successfully
12:05:10 [main] INFO  com.project.ai.api.assertions.SmartAssertionEngine - ? No anomalies detected
12:05:10 [main] INFO  com.project.ai.api.assertions.SmartAssertionEngine - ? Response time OK: 658ms
12:05:10 [main] INFO  com.project.api.utils.ResponseHandler - Response Body: {"responseCode": 200, "message": "Account deleted!"}
12:05:10 [main] INFO  com.project.api.utils.ResponseHandler - ============ RESPONSE DETAILS ============
12:05:10 [main] INFO  com.project.api.utils.ResponseHandler - Status Code: 200
12:05:10 [main] INFO  com.project.api.utils.ResponseHandler - Status Line: HTTP/1.1 200 OK
12:05:10 [main] INFO  com.project.api.utils.ResponseHandler - Content Type: text/html; charset=utf-8
12:05:10 [main] INFO  com.project.api.utils.ResponseHandler - Response Body: {"responseCode": 200, "message": "Account deleted!"}
12:05:10 [main] INFO  com.project.api.utils.ResponseHandler - =========================================
12:05:10 [main] INFO  com.project.api.Base.APIBase - ? Test 12 PASSED: Delete User Account returns 200
]]></system-out>
  </testcase>
  <testcase name="testUpdateUserAccount" classname="com.project.ai.api.APITestWithAILayers" time="2.432">
    <system-out><![CDATA[12:05:10 [main] INFO  com.project.api.Base.APIBase - ========== TEST 13: Update User Account ==========
12:05:10 [main] INFO  com.project.api.Base.APIBase - Performing POST request to: https://automationexercise.com/api/createAccount
Request method:	POST
Request URI:	https://automationexercise.com/api/createAccount
Proxy:			<none>
Request params:	<none>
Query params:	<none>
Form params:	name=Test User
				email=updateuser1771569310043@example.com
				password=password123
				title=Mr
				birth_date=15
				birth_month=6
				birth_year=1990
				firstname=Test
				lastname=User
				company=Test Company
				address1=123 Test Street
				address2=Apt 4B
				country=United States
				state=California
				city=San Francisco
				zipcode=94102
				mobile_number=1234567890
Path params:	<none>
Headers:		Accept=application/json
				Content-Type=application/x-www-form-urlencoded; charset=ISO-8859-1
Cookies:		<none>
Multiparts:		<none>
Body:			<none>
HTTP/1.1 200 OK
Date: Fri, 20 Feb 2026 06:35:11 GMT
Content-Type: text/html; charset=utf-8
Transfer-Encoding: chunked
Connection: keep-alive
vary: Accept,Cookie,Accept-Encoding
referrer-policy: same-origin
x-frame-options: DENY
x-content-type-options: nosniff
allow: POST, OPTIONS
x-powered-by: Phusion Passenger(R) 6.1.0
status: 200 OK
Report-To: {"group":"cf-nel","max_age":604800,"endpoints":[{"url":"https://a.nel.cloudflare.com/report/v4?s=6UEDuwnQqd5O1Xix0%2B8fP1Qubm8BXBRm9eBQ6D9NHnE%2BUfxTydPvqHrxtqvLxrnaMX8yGiHf3561eA5f0zT7aDzrecRwRGUZqMkjhIWkXeot%2FPS8DKE%3D"}]}
Server: cloudflare
cf-cache-status: DYNAMIC
Nel: {"report_to":"cf-nel","success_fraction":0.0,"max_age":604800}
Content-Encoding: gzip
CF-RAY: 9d0bfb7cdc133da7-SIN
alt-svc: h3=":443"; ma=86400

<html>
  <body>{"responseCode": 201, "message": "User created!"}</body>
</html>
12:05:11 [main] INFO  com.project.api.Base.APIBase - Performing PUT request to: https://automationexercise.com/api/updateAccount
Request method:	PUT
Request URI:	https://automationexercise.com/api/updateAccount
Proxy:			<none>
Request params:	<none>
Query params:	<none>
Form params:	name=Updated User
				email=updateuser1771569310043@example.com
				password=password123
				title=Mr
				birth_date=15
				birth_month=6
				birth_year=1990
				firstname=Updated
				lastname=User
				company=Test Company
				address1=Updated Address
				address2=Apt 4B
				country=United States
				state=California
				city=San Francisco
				zipcode=94102
				mobile_number=1234567890
Path params:	<none>
Headers:		Accept=application/json
				Content-Type=application/x-www-form-urlencoded; charset=ISO-8859-1
Cookies:		<none>
Multiparts:		<none>
Body:			<none>
HTTP/1.1 200 OK
Date: Fri, 20 Feb 2026 06:35:12 GMT
Content-Type: text/html; charset=utf-8
Transfer-Encoding: chunked
Connection: keep-alive
vary: Accept,Cookie,Accept-Encoding
referrer-policy: same-origin
x-frame-options: DENY
x-content-type-options: nosniff
allow: OPTIONS, PUT
x-powered-by: Phusion Passenger(R) 6.1.0
status: 200 OK
Report-To: {"group":"cf-nel","max_age":604800,"endpoints":[{"url":"https://a.nel.cloudflare.com/report/v4?s=p7xHtG%2B3MvmcPiyN8VH6Xf9%2BYHlPNMhMCdFmVfh%2BxFmGL3qyHkG2Oyqo%2BM1iIFSjbNWNBkxSFU8O3uXbQXtKlvqFBTsZIjx0oRnrkwXILB%2BZ6o%2Fid2A%3D"}]}
Server: cloudflare
cf-cache-status: DYNAMIC
Nel: {"report_to":"cf-nel","success_fraction":0.0,"max_age":604800}
Content-Encoding: gzip
CF-RAY: 9d0bfb848e158339-SIN
alt-svc: h3=":443"; ma=86400

<html>
  <body>{"responseCode": 200, "message": "User updated!"}</body>
</html>
12:05:12 [main] INFO  com.project.ai.api.performance.PerformanceAnomalyDetector - API Performance [updateAccount]: 1186ms (Status: 200)
12:05:12 [main] INFO  com.project.api.Base.APIBase - Verifying response status code...
12:05:12 [main] INFO  com.project.ai.api.assertions.SmartAssertionEngine - ? Status code assertion passed: 200
12:05:12 [main] INFO  com.project.ai.api.assertions.SmartAssertionEngine - ? Schema learned for endpoint: updateAccount
12:05:12 [main] INFO  com.project.ai.api.assertions.SmartAssertionEngine - ? All fields validated successfully
12:05:12 [main] INFO  com.project.ai.api.assertions.SmartAssertionEngine - ? No anomalies detected
12:05:12 [main] INFO  com.project.ai.api.assertions.SmartAssertionEngine - ? Response time OK: 1167ms
12:05:12 [main] INFO  com.project.api.utils.ResponseHandler - Response Body: {"responseCode": 200, "message": "User updated!"}
12:05:12 [main] INFO  com.project.api.utils.ResponseHandler - ============ RESPONSE DETAILS ============
12:05:12 [main] INFO  com.project.api.utils.ResponseHandler - Status Code: 200
12:05:12 [main] INFO  com.project.api.utils.ResponseHandler - Status Line: HTTP/1.1 200 OK
12:05:12 [main] INFO  com.project.api.utils.ResponseHandler - Content Type: text/html; charset=utf-8
12:05:12 [main] INFO  com.project.api.utils.ResponseHandler - Response Body: {"responseCode": 200, "message": "User updated!"}
12:05:12 [main] INFO  com.project.api.utils.ResponseHandler - =========================================
12:05:12 [main] INFO  com.project.api.Base.APIBase - ? Test 13 PASSED: Update User Account returns 200
]]></system-out>
  </testcase>
  <testcase name="testGetUserDetailByEmail" classname="com.project.ai.api.APITestWithAILayers" time="2.238">
    <system-out><![CDATA[12:05:12 [main] INFO  com.project.api.Base.APIBase - ========== TEST 14: Get User Detail By Email ==========
12:05:12 [main] INFO  com.project.api.Base.APIBase - Performing POST request to: https://automationexercise.com/api/createAccount
Request method:	POST
Request URI:	https://automationexercise.com/api/createAccount
Proxy:			<none>
Request params:	<none>
Query params:	<none>
Form params:	name=Test User
				email=getdetail1771569312472@example.com
				password=password123
				title=Mr
				birth_date=15
				birth_month=6
				birth_year=1990
				firstname=Test
				lastname=User
				company=Test Company
				address1=123 Test Street
				address2=Apt 4B
				country=United States
				state=California
				city=San Francisco
				zipcode=94102
				mobile_number=1234567890
Path params:	<none>
Headers:		Accept=application/json
				Content-Type=application/x-www-form-urlencoded; charset=ISO-8859-1
Cookies:		<none>
Multiparts:		<none>
Body:			<none>
HTTP/1.1 200 OK
Date: Fri, 20 Feb 2026 06:35:13 GMT
Content-Type: text/html; charset=utf-8
Transfer-Encoding: chunked
Connection: keep-alive
vary: Accept,Cookie,Accept-Encoding
referrer-policy: same-origin
x-frame-options: DENY
x-content-type-options: nosniff
allow: POST, OPTIONS
x-powered-by: Phusion Passenger(R) 6.1.0
status: 200 OK
Report-To: {"group":"cf-nel","max_age":604800,"endpoints":[{"url":"https://a.nel.cloudflare.com/report/v4?s=MpuBmWrcMm7XgObmcenzCOt5h6JpsMremZoG6f0SoCW7%2B1eNg3DrgT3AAy812MRcwffLdqNXXA85JPDrOkzcVd67grE35H3GgswBR%2BXLGAUMt2eGGTI%3D"}]}
Server: cloudflare
cf-cache-status: DYNAMIC
Nel: {"report_to":"cf-nel","success_fraction":0.0,"max_age":604800}
Content-Encoding: gzip
CF-RAY: 9d0bfb8c0a8f40bb-SIN
alt-svc: h3=":443"; ma=86400

<html>
  <body>{"responseCode": 201, "message": "User created!"}</body>
</html>
12:05:14 [main] INFO  com.project.api.Base.APIBase - Performing GET request to: https://automationexercise.com/api/getUserDetailByEmail with params
Request method:	GET
Request URI:	https://automationexercise.com/api/getUserDetailByEmail?email=getdetail1771569312472%40example.com
Proxy:			<none>
Request params:	<none>
Query params:	email=getdetail1771569312472@example.com
Form params:	<none>
Path params:	<none>
Headers:		Accept=application/json
				Content-Type=application/x-www-form-urlencoded; charset=ISO-8859-1
Cookies:		<none>
Multiparts:		<none>
Body:			<none>
HTTP/1.1 200 OK
Date: Fri, 20 Feb 2026 06:35:14 GMT
Content-Type: text/html; charset=utf-8
Transfer-Encoding: chunked
Connection: keep-alive
vary: Accept,Cookie,Accept-Encoding
referrer-policy: same-origin
x-frame-options: DENY
x-content-type-options: nosniff
allow: PUT, POST, GET, OPTIONS, DELETE
x-powered-by: Phusion Passenger(R) 6.1.0
status: 200 OK
Report-To: {"group":"cf-nel","max_age":604800,"endpoints":[{"url":"https://a.nel.cloudflare.com/report/v4?s=oHn2jjFRtcHBbT0ikNnVhqx8Zv3gvCfcAXda067PjQLISP5yhYvmTpVT5T3LhJldttqKH9ILw6%2BbYnUE6hiJxDnsWRU6o7VOOnp2NL81PBN3HfS8SCc%3D"}]}
Server: cloudflare
cf-cache-status: DYNAMIC
Nel: {"report_to":"cf-nel","success_fraction":0.0,"max_age":604800}
Content-Encoding: gzip
CF-RAY: 9d0bfb95c81f5ce7-SIN
alt-svc: h3=":443"; ma=86400

<html>
  <body>{"responseCode": 200, "user": {"id": 1397554, "name": "Test User", "email": "getdetail1771569312472@example.com", "title": "Mr", "birth_day": "15", "birth_month": "6", "birth_year": "1990", "first_name": "Test", "last_name": "User", "company": "Test Company", "address1": "123 Test Street", "address2": "Apt 4B", "country": "United States", "state": "California", "city": "San Francisco", "zipcode": "94102"}}</body>
</html>
12:05:14 [main] INFO  com.project.ai.api.performance.PerformanceAnomalyDetector - API Performance [getUserDetail]: 653ms (Status: 200)
12:05:14 [main] INFO  com.project.api.Base.APIBase - Verifying response status code...
12:05:14 [main] INFO  com.project.ai.api.assertions.SmartAssertionEngine - ? Status code assertion passed: 200
12:05:14 [main] INFO  com.project.ai.api.assertions.SmartAssertionEngine - ? Schema learned for endpoint: userAccount
12:05:14 [main] INFO  com.project.ai.api.assertions.SmartAssertionEngine - ? All fields validated successfully
12:05:14 [main] INFO  com.project.ai.api.assertions.SmartAssertionEngine - ? No anomalies detected
12:05:14 [main] INFO  com.project.ai.api.assertions.SmartAssertionEngine - ? Response time OK: 646ms
12:05:14 [main] INFO  com.project.api.utils.ResponseHandler - Response Body: {"responseCode": 200, "user": {"id": 1397554, "name": "Test User", "email": "getdetail1771569312472@example.com", "title": "Mr", "birth_day": "15", "birth_month": "6", "birth_year": "1990", "first_name": "Test", "last_name": "User", "company": "Test Company", "address1": "123 Test Street", "address2": "Apt 4B", "country": "United States", "state": "California", "city": "San Francisco", "zipcode": "94102"}}
12:05:14 [main] INFO  com.project.api.utils.ResponseHandler - ============ RESPONSE DETAILS ============
12:05:14 [main] INFO  com.project.api.utils.ResponseHandler - Status Code: 200
12:05:14 [main] INFO  com.project.api.utils.ResponseHandler - Status Line: HTTP/1.1 200 OK
12:05:14 [main] INFO  com.project.api.utils.ResponseHandler - Content Type: text/html; charset=utf-8
12:05:14 [main] INFO  com.project.api.utils.ResponseHandler - Response Body: {"responseCode": 200, "user": {"id": 1397554, "name": "Test User", "email": "getdetail1771569312472@example.com", "title": "Mr", "birth_day": "15", "birth_month": "6", "birth_year": "1990", "first_name": "Test", "last_name": "User", "company": "Test Company", "address1": "123 Test Street", "address2": "Apt 4B", "country": "United States", "state": "California", "city": "San Francisco", "zipcode": "94102"}}
12:05:14 [main] INFO  com.project.api.utils.ResponseHandler - =========================================
12:05:14 [main] INFO  com.project.api.Base.APIBase - ? Test 14 PASSED: Get User Detail By Email returns 200
]]></system-out>
  </testcase>
  <testcase name="setUp" classname="com.project.ai.ui.UITestWithAILayers" time="11.603">
    <failure message="java.net.ConnectException: Connection refused: no further information: localhost/0:0:0:0:0:0:0:1:9090" type="java.io.UncheckedIOException"><![CDATA[java.io.UncheckedIOException: java.net.ConnectException: Connection refused: no further information: localhost/0:0:0:0:0:0:0:1:9090
	at org.openqa.selenium.remote.http.netty.NettyHttpHandler.makeCall(NettyHttpHandler.java:73)
	at org.openqa.selenium.remote.http.AddSeleniumUserAgent.lambda$apply$0(AddSeleniumUserAgent.java:42)
	at org.openqa.selenium.remote.http.Filter.lambda$andFinally$1(Filter.java:55)
	at org.openqa.selenium.remote.http.netty.NettyHttpHandler.execute(NettyHttpHandler.java:48)
	at org.openqa.selenium.remote.http.netty.NettyClient.execute(NettyClient.java:96)
	at com.epam.healenium.client.RestClient.getElements(RestClient.java:134)
	at com.epam.healenium.SelfHealingEngine.loadStoredSelectors(SelfHealingEngine.java:173)
	at com.epam.healenium.SelfHealingDriver.callInitActions(SelfHealingDriver.java:65)
[...]
	at org.apache.maven.surefire.booter.ForkedBooter.main(ForkedBooter.java:495)
Caused by: java.net.ConnectException: Connection refused: no further information: localhost/0:0:0:0:0:0:0:1:9090
	at org.asynchttpclient.netty.channel.NettyConnectListener.onFailure(NettyConnectListener.java:179)
	at org.asynchttpclient.netty.channel.NettyChannelConnector$1.onFailure(NettyChannelConnector.java:108)
	at org.asynchttpclient.netty.SimpleChannelFutureListener.operationComplete(SimpleChannelFutureListener.java:28)
	at org.asynchttpclient.netty.SimpleChannelFutureListener.operationComplete(SimpleChannelFutureListener.java:20)
	at io.netty.util.concurrent.DefaultPromise.notifyListener0(DefaultPromise.java:590)
	at io.netty.util.concurrent.DefaultPromise.notifyListeners0(DefaultPromise.java:583)
	at io.netty.util.concurrent.DefaultPromise.notifyListenersNow(DefaultPromise.java:559)
	at io.netty.util.concurrent.DefaultPromise.notifyListeners(DefaultPromise.java:492)
	at io.netty.util.concurrent.DefaultPromise.setValue0(DefaultPromise.java:636)
	at io.netty.util.concurrent.DefaultPromise.setFailure0(DefaultPromise.java:629)
	at io.netty.util.concurrent.DefaultPromise.tryFailure(DefaultPromise.java:118)
	at io.netty.channel.nio.AbstractNioChannel$AbstractNioUnsafe.fulfillConnectPromise(AbstractNioChannel.java:321)
	at io.netty.channel.nio.AbstractNioChannel$AbstractNioUnsafe.finishConnect(AbstractNioChannel.java:337)
	at io.netty.channel.nio.NioEventLoop.processSelectedKey(NioEventLoop.java:776)
	at io.netty.channel.nio.NioEventLoop.processSelectedKeysOptimized(NioEventLoop.java:724)
	at io.netty.channel.nio.NioEventLoop.processSelectedKeys(NioEventLoop.java:650)
	at io.netty.channel.nio.NioEventLoop.run(NioEventLoop.java:562)
	at io.netty.util.concurrent.SingleThreadEventExecutor$4.run(SingleThreadEventExecutor.java:997)
	at io.netty.util.internal.ThreadExecutorMap$2.run(ThreadExecutorMap.java:74)
	at io.netty.util.concurrent.FastThreadLocalRunnable.run(FastThreadLocalRunnable.java:30)
	at java.lang.Thread.run(Thread.java:750)
Caused by: io.netty.channel.AbstractChannel$AnnotatedConnectException: Connection refused: no further information: localhost/0:0:0:0:0:0:0:1:9090
Caused by: java.net.ConnectException: Connection refused: no further information
	at sun.nio.ch.SocketChannelImpl.checkConnect(Native Method)
	at sun.nio.ch.SocketChannelImpl.finishConnect(SocketChannelImpl.java:716)
	at io.netty.channel.socket.nio.NioSocketChannel.doFinishConnect(NioSocketChannel.java:337)
	at io.netty.channel.nio.AbstractNioChannel$AbstractNioUnsafe.finishConnect(AbstractNioChannel.java:334)
	at io.netty.channel.nio.NioEventLoop.processSelectedKey(NioEventLoop.java:776)
	at io.netty.channel.nio.NioEventLoop.processSelectedKeysOptimized(NioEventLoop.java:724)
	at io.netty.channel.nio.NioEventLoop.processSelectedKeys(NioEventLoop.java:650)
	at io.netty.channel.nio.NioEventLoop.run(NioEventLoop.java:562)
	at io.netty.util.concurrent.SingleThreadEventExecutor$4.run(SingleThreadEventExecutor.java:997)
	at io.netty.util.internal.ThreadExecutorMap$2.run(ThreadExecutorMap.java:74)
	at io.netty.util.concurrent.FastThreadLocalRunnable.run(FastThreadLocalRunnable.java:30)
	at java.lang.Thread.run(Thread.java:750)
]]></failure>
    <system-out><![CDATA[
================================================================================
AI-POWERED API TESTING REPORT
================================================================================
12:05:14 [main] INFO  com.project.ai.api.performance.PerformanceAnomalyDetector - 
================================================================================
12:05:14 [main] INFO  com.project.ai.api.performance.PerformanceAnomalyDetector - API PERFORMANCE REPORT
12:05:14 [main] INFO  com.project.ai.api.performance.PerformanceAnomalyDetector - ================================================================================
12:05:14 [main] INFO  com.project.ai.api.performance.PerformanceAnomalyDetector - 
[verifyLogin]
  Samples: 1
  Mean: 855ms
  Median: 855ms
  95th percentile: 855ms
  99th percentile: 855ms
  Min: 855ms
  Max: 855ms
  Anomalies: 0
12:05:14 [main] INFO  com.project.ai.api.performance.PerformanceAnomalyDetector - 
[searchProduct]
  Samples: 1
  Mean: 1375ms
  Median: 1375ms
  95th percentile: 1375ms
  99th percentile: 1375ms
  Min: 1375ms
  Max: 1375ms
  Anomalies: 0
12:05:14 [main] INFO  com.project.ai.api.performance.PerformanceAnomalyDetector - 
[putAllBrands]
  Samples: 1
  Mean: 882ms
  Median: 882ms
  95th percentile: 882ms
  99th percentile: 882ms
  Min: 882ms
  Max: 882ms
  Anomalies: 0
12:05:14 [main] INFO  com.project.ai.api.performance.PerformanceAnomalyDetector - 
[getUserDetail]
  Samples: 1
  Mean: 653ms
  Median: 653ms
  95th percentile: 653ms
  99th percentile: 653ms
  Min: 653ms
  Max: 653ms
  Anomalies: 0
12:05:14 [main] INFO  com.project.ai.api.performance.PerformanceAnomalyDetector - 
[createAccount]
  Samples: 1
  Mean: 1016ms
  Median: 1016ms
  95th percentile: 1016ms
  99th percentile: 1016ms
  Min: 1016ms
  Max: 1016ms
  Anomalies: 0
12:05:14 [main] INFO  com.project.ai.api.performance.PerformanceAnomalyDetector - 
[deleteVerifyLogin]
  Samples: 1
  Mean: 559ms
  Median: 559ms
  95th percentile: 559ms
  99th percentile: 559ms
  Min: 559ms
  Max: 559ms
  Anomalies: 0
12:05:14 [main] INFO  com.project.ai.api.performance.PerformanceAnomalyDetector - 
[updateAccount]
  Samples: 1
  Mean: 1186ms
  Median: 1186ms
  95th percentile: 1186ms
  99th percentile: 1186ms
  Min: 1186ms
  Max: 1186ms
  Anomalies: 0
12:05:14 [main] INFO  com.project.ai.api.performance.PerformanceAnomalyDetector - 
[loginInvalid]
  Samples: 1
  Mean: 781ms
  Median: 781ms
  95th percentile: 781ms
  99th percentile: 781ms
  Min: 781ms
  Max: 781ms
  Anomalies: 0
12:05:14 [main] INFO  com.project.ai.api.performance.PerformanceAnomalyDetector - 
[postAllProducts]
  Samples: 1
  Mean: 1030ms
  Median: 1030ms
  95th percentile: 1030ms
  99th percentile: 1030ms
  Min: 1030ms
  Max: 1030ms
  Anomalies: 0
12:05:14 [main] INFO  com.project.ai.api.performance.PerformanceAnomalyDetector - 
[getAllProducts]
  Samples: 1
  Mean: 3196ms
  Median: 3196ms
  95th percentile: 3196ms
  99th percentile: 3196ms
  Min: 3196ms
  Max: 3196ms
  Anomalies: 0
12:05:14 [main] INFO  com.project.ai.api.performance.PerformanceAnomalyDetector - 
[getAllBrands]
  Samples: 1
  Mean: 791ms
  Median: 791ms
  95th percentile: 791ms
  99th percentile: 791ms
  Min: 791ms
  Max: 791ms
  Anomalies: 0
12:05:14 [main] INFO  com.project.ai.api.performance.PerformanceAnomalyDetector - 
[searchProductNoParam]
  Samples: 1
  Mean: 1404ms
  Median: 1404ms
  95th percentile: 1404ms
  99th percentile: 1404ms
  Min: 1404ms
  Max: 1404ms
  Anomalies: 0
12:05:14 [main] INFO  com.project.ai.api.performance.PerformanceAnomalyDetector - 
[deleteAccount]
  Samples: 1
  Mean: 672ms
  Median: 672ms
  95th percentile: 672ms
  99th percentile: 672ms
  Min: 672ms
  Max: 672ms
  Anomalies: 0
12:05:14 [main] INFO  com.project.ai.api.performance.PerformanceAnomalyDetector - 
[verifyLoginNoEmail]
  Samples: 1
  Mean: 1305ms
  Median: 1305ms
  95th percentile: 1305ms
  99th percentile: 1305ms
  Min: 1305ms
  Max: 1305ms
  Anomalies: 0
12:05:14 [main] INFO  com.project.ai.api.performance.PerformanceAnomalyDetector - 
================================================================================

[Summary]
✓ All 14 API endpoints tested with AI validation
✓ Response schemas learned and validated
✓ Performance anomalies detected and reported
✓ Baselines established for future comparisons

================================================================================
12:05:14 [main] INFO  com.project.ui.Base.BaseTest - Initializing WebDriver...
🩹 Starting Self-Healing Driver...
]]></system-out>
    <system-err><![CDATA[Feb 20, 2026 12:05:19 PM org.openqa.selenium.devtools.CdpVersionFinder findNearestMatch
WARNING: Unable to find CDP implementation matching 145
Feb 20, 2026 12:05:19 PM org.openqa.selenium.chromium.ChromiumDriver lambda$new$5
WARNING: Unable to find version of CDP to use for 145.0.7632.76. You may need to include a dependency on a specific version of the CDP using something similar to `org.seleniumhq.selenium:selenium-devtools-v86:4.11.0` where the version ("v86") matches the version of the chromium-based browser you're using and the version number of the artifact is the same as Selenium's.
]]></system-err>
  </testcase>
  <testcase name="setUpAI" classname="com.project.ai.ui.UITestWithAILayers" time="0.0">
    <skipped/>
  </testcase>
  <testcase name="beforeEachTest" classname="com.project.ai.ui.UITestWithAILayers" time="0.0">
    <skipped/>
  </testcase>
  <testcase name="beforeEachTest" classname="com.project.ai.ui.UITestWithAILayers" time="0.0">
    <skipped/>
    <system-out><![CDATA[12:05:24 [main] INFO  com.project.ui.Base.BaseTest - ========== END TEST: TC01_RegisterUser ==========

]]></system-out>
  </testcase>
  <testcase name="beforeEachTest" classname="com.project.ai.ui.UITestWithAILayers" time="0.0">
    <skipped/>
    <system-out><![CDATA[12:05:24 [main] INFO  com.project.ui.Base.BaseTest - ========== END TEST: TC02_LoginValidUser ==========

]]></system-out>
  </testcase>
  <testcase name="beforeEachTest" classname="com.project.ai.ui.UITestWithAILayers" time="0.0">
    <skipped/>
    <system-out><![CDATA[12:05:24 [main] INFO  com.project.ui.Base.BaseTest - ========== END TEST: TC03_LoginInvalidUser ==========

]]></system-out>
  </testcase>
  <testcase name="beforeEachTest" classname="com.project.ai.ui.UITestWithAILayers" time="0.0">
    <skipped/>
    <system-out><![CDATA[12:05:24 [main] INFO  com.project.ui.Base.BaseTest - ========== END TEST: TC04_LogoutUser ==========

]]></system-out>
  </testcase>
  <testcase name="beforeEachTest" classname="com.project.ai.ui.UITestWithAILayers" time="0.0">
    <skipped/>
    <system-out><![CDATA[12:05:24 [main] INFO  com.project.ui.Base.BaseTest - ========== END TEST: TC05_RegisterExistingEmail ==========

]]></system-out>
  </testcase>
  <testcase name="beforeEachTest" classname="com.project.ai.ui.UITestWithAILayers" time="0.0">
    <skipped/>
    <system-out><![CDATA[12:05:24 [main] INFO  com.project.ui.Base.BaseTest - ========== END TEST: TC06_ContactUsForm ==========

]]></system-out>
  </testcase>
  <testcase name="beforeEachTest" classname="com.project.ai.ui.UITestWithAILayers" time="0.0">
    <skipped/>
    <system-out><![CDATA[12:05:24 [main] INFO  com.project.ui.Base.BaseTest - ========== END TEST: TC07_VerifyTestCasesPage ==========

]]></system-out>
  </testcase>
  <testcase name="beforeEachTest" classname="com.project.ai.ui.UITestWithAILayers" time="0.0">
    <skipped/>
    <system-out><![CDATA[12:05:24 [main] INFO  com.project.ui.Base.BaseTest - ========== END TEST: TC08_VerifyProductDetails ==========

]]></system-out>
  </testcase>
  <testcase name="beforeEachTest" classname="com.project.ai.ui.UITestWithAILayers" time="0.0">
    <skipped/>
    <system-out><![CDATA[12:05:24 [main] INFO  com.project.ui.Base.BaseTest - ========== END TEST: TC09_SearchProduct ==========

]]></system-out>
  </testcase>
  <testcase name="beforeEachTest" classname="com.project.ai.ui.UITestWithAILayers" time="0.0">
    <skipped/>
    <system-out><![CDATA[12:05:24 [main] INFO  com.project.ui.Base.BaseTest - ========== END TEST: TC10_SubscriptionHome ==========

]]></system-out>
  </testcase>
  <testcase name="beforeEachTest" classname="com.project.ai.ui.UITestWithAILayers" time="0.0">
    <skipped/>
    <system-out><![CDATA[12:05:24 [main] INFO  com.project.ui.Base.BaseTest - ========== END TEST: TC11_SubscriptionCart ==========

]]></system-out>
  </testcase>
  <testcase name="beforeEachTest" classname="com.project.ai.ui.UITestWithAILayers" time="0.0">
    <skipped/>
    <system-out><![CDATA[12:05:24 [main] INFO  com.project.ui.Base.BaseTest - ========== END TEST: TC12_AddProductsToCart ==========

]]></system-out>
  </testcase>
  <testcase name="beforeEachTest" classname="com.project.ai.ui.UITestWithAILayers" time="0.0">
    <skipped/>
    <system-out><![CDATA[12:05:24 [main] INFO  com.project.ui.Base.BaseTest - ========== END TEST: TC13_VerifyProductQuantity ==========

]]></system-out>
  </testcase>
  <testcase name="beforeEachTest" classname="com.project.ai.ui.UITestWithAILayers" time="0.0">
    <skipped/>
    <system-out><![CDATA[12:05:24 [main] INFO  com.project.ui.Base.BaseTest - ========== END TEST: TC14_PlaceOrderAfterLogin ==========

]]></system-out>
  </testcase>
  <testcase name="beforeEachTest" classname="com.project.ai.ui.UITestWithAILayers" time="0.0">
    <skipped/>
    <system-out><![CDATA[12:05:24 [main] INFO  com.project.ui.Base.BaseTest - ========== END TEST: TC15_RemoveProduct ==========

]]></system-out>
  </testcase>
  <testcase name="beforeEachTest" classname="com.project.ai.ui.UITestWithAILayers" time="0.0">
    <skipped/>
    <system-out><![CDATA[12:05:24 [main] INFO  com.project.ui.Base.BaseTest - ========== END TEST: TC16_CategoryProducts ==========

]]></system-out>
  </testcase>
  <testcase name="beforeEachTest" classname="com.project.ai.ui.UITestWithAILayers" time="0.0">
    <skipped/>
    <system-out><![CDATA[12:05:24 [main] INFO  com.project.ui.Base.BaseTest - ========== END TEST: TC17_BrandProducts ==========

]]></system-out>
  </testcase>
  <testcase name="beforeEachTest" classname="com.project.ai.ui.UITestWithAILayers" time="0.0">
    <skipped/>
    <system-out><![CDATA[12:05:24 [main] INFO  com.project.ui.Base.BaseTest - ========== END TEST: TC18_SearchVerifyCartAfterLogin ==========

]]></system-out>
  </testcase>
  <testcase name="beforeEachTest" classname="com.project.ai.ui.UITestWithAILayers" time="0.0">
    <skipped/>
    <system-out><![CDATA[12:05:24 [main] INFO  com.project.ui.Base.BaseTest - ========== END TEST: TC19_AddReview ==========

]]></system-out>
  </testcase>
  <testcase name="TC01_RegisterUser[sdhsj, tyuiokmimlkowty@gmail.com, llkkjjhg@an671, 17, May, 2004, sdhsj, bhcjdkc, cdcdcdjd, cnhdsbgc cdhcbdsc, xcmdshc jcjnd, India, Delhi, xnjsbhc, 771772, 999928782891](1)" classname="com.project.ai.ui.UITestWithAILayers" time="0.0">
    <skipped message="java.net.ConnectException: Connection refused: no further information: localhost/0:0:0:0:0:0:0:1:9090"/>
  </testcase>
  <testcase name="TC02_LoginValidUser[hmhira@gmail.com, Maadhav@1608](1)" classname="com.project.ai.ui.UITestWithAILayers" time="0.0">
    <skipped message="java.net.ConnectException: Connection refused: no further information: localhost/0:0:0:0:0:0:0:1:9090"/>
  </testcase>
  <testcase name="TC03_LoginInvalidUser[hdhgvshxbds@gmail.com, bhsdksjdnsh](1)" classname="com.project.ai.ui.UITestWithAILayers" time="0.0">
    <skipped message="java.net.ConnectException: Connection refused: no further information: localhost/0:0:0:0:0:0:0:1:9090"/>
  </testcase>
  <testcase name="TC04_LogoutUser[hiramaadhav@gmail.com, Maadhav@1608](1)" classname="com.project.ai.ui.UITestWithAILayers" time="0.0">
    <skipped message="java.net.ConnectException: Connection refused: no further information: localhost/0:0:0:0:0:0:0:1:9090"/>
  </testcase>
  <testcase name="TC05_RegisterExistingEmail[Maadhav, maadhavhira@gmail.com](1)" classname="com.project.ai.ui.UITestWithAILayers" time="0.0">
    <skipped message="java.net.ConnectException: Connection refused: no further information: localhost/0:0:0:0:0:0:0:1:9090"/>
  </testcase>
  <testcase name="TC06_ContactUsForm[Maadhav, hiramaadhav@gmail.com, Wrong Product, The product is damaged and wrong product delivered, C:\Users\hp5cd\Downloads\Resume_Maadhav_Hira.pdf](1)" classname="com.project.ai.ui.UITestWithAILayers" time="0.0">
    <skipped message="java.net.ConnectException: Connection refused: no further information: localhost/0:0:0:0:0:0:0:1:9090"/>
  </testcase>
  <testcase name="TC07_VerifyTestCasesPage" classname="com.project.ai.ui.UITestWithAILayers" time="0.0">
    <skipped message="java.net.ConnectException: Connection refused: no further information: localhost/0:0:0:0:0:0:0:1:9090"/>
  </testcase>
  <testcase name="TC08_VerifyProductDetails" classname="com.project.ai.ui.UITestWithAILayers" time="0.0">
    <skipped message="java.net.ConnectException: Connection refused: no further information: localhost/0:0:0:0:0:0:0:1:9090"/>
  </testcase>
  <testcase name="TC09_SearchProduct[TShirt](1)" classname="com.project.ai.ui.UITestWithAILayers" time="0.0">
    <skipped message="java.net.ConnectException: Connection refused: no further information: localhost/0:0:0:0:0:0:0:1:9090"/>
  </testcase>
  <testcase name="TC10_SubscriptionHome[home-subscribeeee@example.com](1)" classname="com.project.ai.ui.UITestWithAILayers" time="0.0">
    <skipped message="java.net.ConnectException: Connection refused: no further information: localhost/0:0:0:0:0:0:0:1:9090"/>
  </testcase>
  <testcase name="TC11_SubscriptionCart[cart-subscribe@example.com](1)" classname="com.project.ai.ui.UITestWithAILayers" time="0.0">
    <skipped message="java.net.ConnectException: Connection refused: no further information: localhost/0:0:0:0:0:0:0:1:9090"/>
  </testcase>
  <testcase name="TC12_AddProductsToCart" classname="com.project.ai.ui.UITestWithAILayers" time="0.0">
    <skipped message="java.net.ConnectException: Connection refused: no further information: localhost/0:0:0:0:0:0:0:1:9090"/>
  </testcase>
  <testcase name="TC13_VerifyProductQuantity[5](1)" classname="com.project.ai.ui.UITestWithAILayers" time="0.0">
    <skipped message="java.net.ConnectException: Connection refused: no further information: localhost/0:0:0:0:0:0:0:1:9090"/>
  </testcase>
  <testcase name="TC14_PlaceOrderAfterLogin[mhhira@gmail.com, Maadhav@1608, Maadhav, 829292928272, 123, 07, 2027](1)" classname="com.project.ai.ui.UITestWithAILayers" time="0.0">
    <skipped message="java.net.ConnectException: Connection refused: no further information: localhost/0:0:0:0:0:0:0:1:9090"/>
  </testcase>
  <testcase name="TC15_RemoveProduct" classname="com.project.ai.ui.UITestWithAILayers" time="0.0">
    <skipped message="java.net.ConnectException: Connection refused: no further information: localhost/0:0:0:0:0:0:0:1:9090"/>
  </testcase>
  <testcase name="TC16_CategoryProducts" classname="com.project.ai.ui.UITestWithAILayers" time="0.0">
    <skipped message="java.net.ConnectException: Connection refused: no further information: localhost/0:0:0:0:0:0:0:1:9090"/>
  </testcase>
  <testcase name="TC17_BrandProducts" classname="com.project.ai.ui.UITestWithAILayers" time="0.0">
    <skipped message="java.net.ConnectException: Connection refused: no further information: localhost/0:0:0:0:0:0:0:1:9090"/>
  </testcase>
  <testcase name="TC18_SearchVerifyCartAfterLogin[Shirt, hiramaadhav@gmail.com, Maadhav@1608](1)" classname="com.project.ai.ui.UITestWithAILayers" time="0.0">
    <skipped message="java.net.ConnectException: Connection refused: no further information: localhost/0:0:0:0:0:0:0:1:9090"/>
  </testcase>
  <testcase name="TC19_AddReview[Maadhav, hiramaadhav@gmail.com, Great product quality](1)" classname="com.project.ai.ui.UITestWithAILayers" time="0.0">
    <skipped message="java.net.ConnectException: Connection refused: no further information: localhost/0:0:0:0:0:0:0:1:9090"/>
  </testcase>
  <testcase name="TC20_DownloadInvoice[maadhavhira@gmail.com, Maadhav@1608, Maadhav, 829201928281, 817, 09, 2027](1)" classname="com.project.ai.ui.UITestWithAILayers" time="0.0">
    <skipped message="java.net.ConnectException: Connection refused: no further information: localhost/0:0:0:0:0:0:0:1:9090"/>
  </testcase>
  <testcase name="closeAI" classname="com.project.ai.ui.UITestWithAILayers" time="0.0">
    <skipped/>
    <system-out><![CDATA[12:05:24 [main] INFO  com.project.ui.Base.BaseTest - ========== END TEST: TC20_DownloadInvoice ==========

]]></system-out>
  </testcase>
  <testcase name="tearDown" classname="com.project.ai.ui.UITestWithAILayers" time="0.0">
    <skipped/>
  </testcase>
</testsuite>